0 verbose cli /usr/local/lib/nodejs/node-v16.17.0-linux-x64/bin/node /usr/local/lib/nodejs/node-v16.17.0-linux-x64/bin/npm
1 info using npm@8.15.0
2 info using node@v16.17.0
3 timing npm:load:whichnode Completed in 1ms
4 timing config:load:defaults Completed in 13ms
5 timing config:load:file:/usr/local/lib/nodejs/node-v16.17.0-linux-x64/lib/node_modules/npm/npmrc Completed in 21ms
6 timing config:load:builtin Completed in 24ms
7 timing config:load:cli Completed in 12ms
8 timing config:load:env Completed in 4ms
9 timing config:load:file:/www/awardwallet/.npmrc Completed in 2ms
10 timing config:load:project Completed in 74ms
11 timing config:load:file:/home/user/.npmrc Completed in 1ms
12 timing config:load:user Completed in 2ms
13 timing config:load:file:/usr/local/lib/nodejs/node-v16.17.0-linux-x64/etc/npmrc Completed in 1ms
14 timing config:load:global Completed in 2ms
15 timing config:load:validate Completed in 1ms
16 timing config:load:credentials Completed in 7ms
17 timing config:load:setEnvs Completed in 8ms
18 timing config:load Completed in 158ms
19 timing npm:load:configload Completed in 159ms
20 timing npm:load:mkdirpcache Completed in 7ms
21 timing npm:load:mkdirplogs Completed in 2ms
22 verbose title npm i
23 verbose argv "i"
24 timing npm:load:setTitle Completed in 8ms
25 timing config:load:flatten Completed in 17ms
26 timing npm:load:display Completed in 34ms
27 verbose logfile logs-max:10 dir:/home/user/.npm/_logs
28 verbose logfile /home/user/.npm/_logs/2023-07-28T04_31_30_290Z-debug-0.log
29 timing npm:load:logFile Completed in 43ms
30 timing npm:load:timers Completed in 0ms
31 timing npm:load:configScope Completed in 0ms
32 timing npm:load Completed in 265ms
33 timing arborist:ctor Completed in 3ms
34 silly logfile start cleaning logs, removing 1 files
35 silly logfile done cleaning log files
36 timing idealTree:init Completed in 795ms
37 timing idealTree:userRequests Completed in 1ms
38 silly idealTree buildDeps
39 timing idealTree:#root Completed in 1ms
40 timing idealTree:buildDeps Completed in 7ms
41 timing idealTree:fixDepFlags Completed in 0ms
42 timing idealTree Completed in 827ms
43 timing arborist:ctor Completed in 1ms
44 timing reify:loadTrees Completed in 1081ms
45 timing reify:diffTrees Completed in 32ms
46 silly reify moves {}
47 timing reify:retireShallow Completed in 5ms
48 timing reify:createSparse Completed in 0ms
49 timing reify:loadBundles Completed in 0ms
50 silly audit bulk request {
50 silly audit   '@babel/code-frame': [ '7.12.13' ],
50 silly audit   '@babel/helper-validator-identifier': [ '7.14.0' ],
50 silly audit   '@babel/highlight': [ '7.14.0' ],
50 silly audit   'ansi-styles': [ '3.2.1', '4.3.0' ],
50 silly audit   chalk: [ '2.4.2', '4.1.1' ],
50 silly audit   'color-convert': [ '1.9.3', '2.0.1' ],
50 silly audit   'color-name': [ '1.1.3', '1.1.4' ],
50 silly audit   'has-flag': [ '3.0.0', '4.0.0' ],
50 silly audit   'supports-color': [ '5.5.0', '7.2.0' ],
50 silly audit   '@types/parse-json': [ '4.0.0' ],
50 silly audit   'aggregate-error': [ '3.1.0' ],
50 silly audit   'ansi-colors': [ '4.1.1' ],
50 silly audit   'ansi-escapes': [ '4.3.2' ],
50 silly audit   'ansi-regex': [ '5.0.0' ],
50 silly audit   'astral-regex': [ '2.0.0' ],
50 silly audit   bower: [ '1.8.14' ],
50 silly audit   braces: [ '3.0.2' ],
50 silly audit   callsites: [ '3.1.0' ],
50 silly audit   'clean-stack': [ '2.2.0' ],
50 silly audit   'cli-cursor': [ '3.1.0' ],
50 silly audit   'cli-truncate': [ '2.1.0' ],
50 silly audit   colorette: [ '1.2.2' ],
50 silly audit   commander: [ '7.2.0' ],
50 silly audit   cosmiconfig: [ '7.0.0' ],
50 silly audit   'cross-spawn': [ '7.0.3' ],
50 silly audit   debug: [ '4.3.1' ],
50 silly audit   dedent: [ '0.7.0' ],
50 silly audit   'emoji-regex': [ '8.0.0' ],
50 silly audit   enquirer: [ '2.3.6' ],
50 silly audit   'error-ex': [ '1.3.2' ],
50 silly audit   'escape-string-regexp': [ '1.0.5' ],
50 silly audit   execa: [ '5.1.0' ],
50 silly audit   'fill-range': [ '7.0.1' ],
50 silly audit   'get-own-enumerable-property-symbols': [ '3.0.2' ],
50 silly audit   'get-stream': [ '6.0.1' ],
50 silly audit   'human-signals': [ '2.1.0' ],
50 silly audit   husky: [ '6.0.0' ],
50 silly audit   'import-fresh': [ '3.3.0' ],
50 silly audit   'indent-string': [ '4.0.0' ],
50 silly audit   'is-arrayish': [ '0.2.1' ],
50 silly audit   'is-fullwidth-code-point': [ '3.0.0' ],
50 silly audit   'is-number': [ '7.0.0' ],
50 silly audit   'is-obj': [ '1.0.1' ],
50 silly audit   'is-regexp': [ '1.0.0' ],
50 silly audit   'is-stream': [ '2.0.0' ],
50 silly audit   'is-unicode-supported': [ '0.1.0' ],
50 silly audit   isexe: [ '2.0.0' ],
50 silly audit   'js-tokens': [ '4.0.0' ],
50 silly audit   'json-parse-even-better-errors': [ '2.3.1' ],
50 silly audit   'lines-and-columns': [ '1.1.6' ],
50 silly audit   'lint-staged': [ '11.0.0' ],
50 silly audit   listr2: [ '3.9.0' ],
50 silly audit   'log-symbols': [ '4.1.0' ],
50 silly audit   'log-update': [ '4.0.0' ],
50 silly audit   'slice-ansi': [ '4.0.0', '3.0.0' ],
50 silly audit   'wrap-ansi': [ '6.2.0', '7.0.0' ],
50 silly audit   'merge-stream': [ '2.0.0' ],
50 silly audit   micromatch: [ '4.0.4' ],
50 silly audit   'mimic-fn': [ '2.1.0' ],
50 silly audit   ms: [ '2.1.2' ],
50 silly audit   'normalize-path': [ '3.0.0' ],
50 silly audit   'npm-run-path': [ '4.0.1' ],
50 silly audit   onetime: [ '5.1.2' ],
50 silly audit   'p-map': [ '4.0.0' ],
50 silly audit   'parent-module': [ '1.0.1' ],
50 silly audit   'parse-json': [ '5.2.0' ],
50 silly audit   'path-key': [ '3.1.1' ],
50 silly audit   'path-type': [ '4.0.0' ],
50 silly audit   picomatch: [ '2.3.0' ],
50 silly audit   'please-upgrade-node': [ '3.2.0' ],
50 silly audit   'resolve-from': [ '4.0.0' ],
50 silly audit   'restore-cursor': [ '3.1.0' ],
50 silly audit   rxjs: [ '6.6.7' ],
50 silly audit   'semver-compare': [ '1.0.0' ],
50 silly audit   'shebang-command': [ '2.0.0' ],
50 silly audit   'shebang-regex': [ '3.0.0' ],
50 silly audit   'signal-exit': [ '3.0.3' ],
50 silly audit   'string-argv': [ '0.3.1' ],
50 silly audit   'string-width': [ '4.2.2' ],
50 silly audit   'stringify-object': [ '3.3.0' ],
50 silly audit   'strip-ansi': [ '6.0.0' ],
50 silly audit   'strip-final-newline': [ '2.0.0' ],
50 silly audit   through: [ '2.3.8' ],
50 silly audit   'to-regex-range': [ '5.0.1' ],
50 silly audit   tslib: [ '1.14.1' ],
50 silly audit   'type-fest': [ '0.21.3' ],
50 silly audit   which: [ '2.0.2' ],
50 silly audit   yaml: [ '1.10.2' ]
50 silly audit }
51 timing reify:unpack Completed in 15ms
52 timing reify:unretire Completed in 0ms
53 timing build:queue Completed in 0ms
54 timing build:deps Completed in 2ms
55 timing build Completed in 4ms
56 timing reify:build Completed in 12ms
57 timing reify:trash Completed in 0ms
58 timing reify:save Completed in 124ms
59 http fetch POST 200 https://registry.npmjs.org/-/npm/v1/security/advisories/bulk 777ms
60 timing auditReport:getReport Completed in 836ms
61 silly audit report {
61 silly audit report   'ansi-regex': [
61 silly audit report     {
61 silly audit report       id: 1091190,
61 silly audit report       url: 'https://github.com/advisories/GHSA-93q8-gq69-wqmw',
61 silly audit report       title: 'Inefficient Regular Expression Complexity in chalk/ansi-regex',
61 silly audit report       severity: 'high',
61 silly audit report       vulnerable_versions: '>=5.0.0 <5.0.1',
61 silly audit report       cwe: [Array],
61 silly audit report       cvss: [Object]
61 silly audit report     }
61 silly audit report   ]
61 silly audit report }
62 timing metavuln:cache:get:security-advisory:ansi-regex:tdF9vOScIECOVZNLKXp4Kc/D0EnM6W9nste/JGjSZgtmwCIY9EokMiQKqx0uauscDWtv48qhvgTPKJzKH2goeA== Completed in 49ms
63 http fetch GET 200 https://registry.npmjs.org/ansi-regex 143ms (cache revalidated)
64 timing metavuln:packument:ansi-regex Completed in 149ms
65 timing metavuln:load:security-advisory:ansi-regex:1091190 Completed in 3ms
66 timing metavuln:calculate:security-advisory:ansi-regex:1091190 Completed in 156ms
67 timing metavuln:cache:get:security-advisory:strip-ansi:aEbUb6LIXHEoyRWYpwTOiL97HpCAF+RaSOx2iaAcFM6Tsb9FiIvm5Z+kzG+Z067ST30D/qGGX93FqmysyhbcrQ== Completed in 26ms
68 http fetch GET 200 https://registry.npmjs.org/strip-ansi 104ms (cache revalidated)
69 timing metavuln:packument:strip-ansi Completed in 107ms
70 timing metavuln:load:security-advisory:strip-ansi:tdF9vOScIECOVZNLKXp4Kc/D0EnM6W9nste/JGjSZgtmwCIY9EokMiQKqx0uauscDWtv48qhvgTPKJzKH2goeA== Completed in 0ms
71 timing metavuln:calculate:security-advisory:strip-ansi:tdF9vOScIECOVZNLKXp4Kc/D0EnM6W9nste/JGjSZgtmwCIY9EokMiQKqx0uauscDWtv48qhvgTPKJzKH2goeA== Completed in 110ms
72 timing auditReport:init Completed in 272ms
73 timing reify:audit Completed in 1116ms
74 timing reify Completed in 2367ms
75 timing command:i Completed in 3302ms
76 verbose exit 0
77 timing npm Completed in 3826ms
78 info ok
