0 verbose cli /usr/local/lib/nodejs/node-v16.17.0-linux-x64/bin/node /usr/local/lib/nodejs/node-v16.17.0-linux-x64/bin/npm
1 info using npm@8.15.0
2 info using node@v16.17.0
3 timing npm:load:whichnode Completed in 0ms
4 timing config:load:defaults Completed in 3ms
5 timing config:load:file:/usr/local/lib/nodejs/node-v16.17.0-linux-x64/lib/node_modules/npm/npmrc Completed in 4ms
6 timing config:load:builtin Completed in 5ms
7 timing config:load:cli Completed in 2ms
8 timing config:load:env Completed in 1ms
9 timing config:load:file:/www/awardwallet/.npmrc Completed in 1ms
10 timing config:load:project Completed in 35ms
11 timing config:load:file:/home/user/.npmrc Completed in 1ms
12 timing config:load:user Completed in 1ms
13 timing config:load:file:/usr/local/lib/nodejs/node-v16.17.0-linux-x64/etc/npmrc Completed in 0ms
14 timing config:load:global Completed in 0ms
15 timing config:load:validate Completed in 0ms
16 timing config:load:credentials Completed in 3ms
17 timing config:load:setEnvs Completed in 2ms
18 timing config:load Completed in 56ms
19 timing npm:load:configload Completed in 56ms
20 timing npm:load:mkdirpcache Completed in 3ms
21 timing npm:load:mkdirplogs Completed in 1ms
22 verbose title npm i
23 verbose argv "i"
24 timing npm:load:setTitle Completed in 3ms
25 timing config:load:flatten Completed in 5ms
26 timing npm:load:display Completed in 12ms
27 verbose logfile logs-max:10 dir:/home/user/.npm/_logs
28 verbose logfile /home/user/.npm/_logs/2024-02-29T04_32_22_375Z-debug-0.log
29 timing npm:load:logFile Completed in 22ms
30 timing npm:load:timers Completed in 0ms
31 timing npm:load:configScope Completed in 0ms
32 timing npm:load Completed in 103ms
33 timing arborist:ctor Completed in 0ms
34 silly logfile start cleaning logs, removing 1 files
35 silly logfile done cleaning log files
36 timing idealTree:init Completed in 256ms
37 timing idealTree:userRequests Completed in 0ms
38 silly idealTree buildDeps
39 timing idealTree:#root Completed in 0ms
40 timing idealTree:buildDeps Completed in 3ms
41 timing idealTree:fixDepFlags Completed in 0ms
42 timing idealTree Completed in 271ms
43 verbose shrinkwrap failed to load node_modules/.package-lock.json out of date, updated: node_modules
44 timing reify:loadTrees Completed in 411ms
45 timing reify:diffTrees Completed in 12ms
46 silly reify mark retired [ '/www/awardwallet/node_modules/ansi-colors' ]
47 silly reify mark retired [ '/www/awardwallet/node_modules/ansi-regex' ]
48 silly reify mark retired [ '/www/awardwallet/node_modules/ansi-styles' ]
49 silly reify mark retired [ '/www/awardwallet/node_modules/color-name' ]
50 silly reify mark retired [ '/www/awardwallet/node_modules/commander' ]
51 silly reify mark retired [ '/www/awardwallet/node_modules/dedent' ]
52 silly reify mark retired [ '/www/awardwallet/node_modules/cosmiconfig' ]
53 silly reify mark retired [ '/www/awardwallet/node_modules/color-convert' ]
54 silly reify mark retired [ '/www/awardwallet/node_modules/colorette' ]
55 silly reify mark retired [ '/www/awardwallet/node_modules/chalk' ]
56 silly reify mark retired [ '/www/awardwallet/node_modules/debug' ]
57 silly reify mark retired [ '/www/awardwallet/node_modules/enquirer' ]
58 silly reify mark retired [ '/www/awardwallet/node_modules/execa' ]
59 silly reify mark retired [ '/www/awardwallet/node_modules/log-symbols' ]
60 silly reify mark retired [ '/www/awardwallet/node_modules/is-stream' ]
61 silly reify mark retired [ '/www/awardwallet/node_modules/is-unicode-supported' ]
62 silly reify mark retired [
62 silly reify   '/www/awardwallet/node_modules/lint-staged',
62 silly reify   '/www/awardwallet/node_modules/.bin/lint-staged'
62 silly reify ]
63 silly reify mark retired [ '/www/awardwallet/node_modules/listr2' ]
64 silly reify mark retired [ '/www/awardwallet/node_modules/lines-and-columns' ]
65 silly reify mark retired [ '/www/awardwallet/node_modules/micromatch' ]
66 silly reify mark retired [ '/www/awardwallet/node_modules/picomatch' ]
67 silly reify mark retired [ '/www/awardwallet/node_modules/signal-exit' ]
68 silly reify mark retired [ '/www/awardwallet/node_modules/rxjs' ]
69 silly reify mark retired [ '/www/awardwallet/node_modules/strip-ansi' ]
70 silly reify mark retired [ '/www/awardwallet/node_modules/supports-color' ]
71 silly reify mark retired [ '/www/awardwallet/node_modules/string-width' ]
72 silly reify mark retired [ '/www/awardwallet/node_modules/tslib' ]
73 silly reify mark retired [ '/www/awardwallet/node_modules/@types/parse-json' ]
74 silly reify mark retired [ '/www/awardwallet/node_modules/@babel/highlight' ]
75 silly reify mark retired [ '/www/awardwallet/node_modules/@babel/helper-validator-identifier' ]
76 silly reify mark retired [ '/www/awardwallet/node_modules/@babel/code-frame' ]
77 silly reify moves {
77 silly reify   '/www/awardwallet/node_modules/ansi-colors': '/www/awardwallet/node_modules/.ansi-colors-z0NUBQfi',
77 silly reify   '/www/awardwallet/node_modules/ansi-regex': '/www/awardwallet/node_modules/.ansi-regex-3xHrSnLG',
77 silly reify   '/www/awardwallet/node_modules/ansi-styles': '/www/awardwallet/node_modules/.ansi-styles-Qr8LGDVz',
77 silly reify   '/www/awardwallet/node_modules/color-name': '/www/awardwallet/node_modules/.color-name-iOUdcmTs',
77 silly reify   '/www/awardwallet/node_modules/commander': '/www/awardwallet/node_modules/.commander-HKeW4Vfm',
77 silly reify   '/www/awardwallet/node_modules/dedent': '/www/awardwallet/node_modules/.dedent-pkwnbmvl',
77 silly reify   '/www/awardwallet/node_modules/cosmiconfig': '/www/awardwallet/node_modules/.cosmiconfig-CdiyUvLN',
77 silly reify   '/www/awardwallet/node_modules/color-convert': '/www/awardwallet/node_modules/.color-convert-QCu4IOUz',
77 silly reify   '/www/awardwallet/node_modules/colorette': '/www/awardwallet/node_modules/.colorette-Q0E8SGqn',
77 silly reify   '/www/awardwallet/node_modules/chalk': '/www/awardwallet/node_modules/.chalk-t8hQ5lOd',
77 silly reify   '/www/awardwallet/node_modules/debug': '/www/awardwallet/node_modules/.debug-FTdyBXBw',
77 silly reify   '/www/awardwallet/node_modules/enquirer': '/www/awardwallet/node_modules/.enquirer-dMZohlX0',
77 silly reify   '/www/awardwallet/node_modules/execa': '/www/awardwallet/node_modules/.execa-JRU6BSre',
77 silly reify   '/www/awardwallet/node_modules/log-symbols': '/www/awardwallet/node_modules/.log-symbols-G6AsbxHw',
77 silly reify   '/www/awardwallet/node_modules/is-stream': '/www/awardwallet/node_modules/.is-stream-nlbhwzI7',
77 silly reify   '/www/awardwallet/node_modules/is-unicode-supported': '/www/awardwallet/node_modules/.is-unicode-supported-jx1eDa5n',
77 silly reify   '/www/awardwallet/node_modules/lint-staged': '/www/awardwallet/node_modules/.lint-staged-Df54fsTk',
77 silly reify   '/www/awardwallet/node_modules/.bin/lint-staged': '/www/awardwallet/node_modules/.bin/.lint-staged-VfK6QSOD',
77 silly reify   '/www/awardwallet/node_modules/listr2': '/www/awardwallet/node_modules/.listr2-DCw1ujXK',
77 silly reify   '/www/awardwallet/node_modules/lines-and-columns': '/www/awardwallet/node_modules/.lines-and-columns-kAho9F6C',
77 silly reify   '/www/awardwallet/node_modules/micromatch': '/www/awardwallet/node_modules/.micromatch-8f5fYAjZ',
77 silly reify   '/www/awardwallet/node_modules/picomatch': '/www/awardwallet/node_modules/.picomatch-Qbs3uGNU',
77 silly reify   '/www/awardwallet/node_modules/signal-exit': '/www/awardwallet/node_modules/.signal-exit-wLwH5uh2',
77 silly reify   '/www/awardwallet/node_modules/rxjs': '/www/awardwallet/node_modules/.rxjs-HU0XxEzo',
77 silly reify   '/www/awardwallet/node_modules/strip-ansi': '/www/awardwallet/node_modules/.strip-ansi-1In8PVKG',
77 silly reify   '/www/awardwallet/node_modules/supports-color': '/www/awardwallet/node_modules/.supports-color-OHRBiOF5',
77 silly reify   '/www/awardwallet/node_modules/string-width': '/www/awardwallet/node_modules/.string-width-Pqwk4eOm',
77 silly reify   '/www/awardwallet/node_modules/tslib': '/www/awardwallet/node_modules/.tslib-HOa2QQrz',
77 silly reify   '/www/awardwallet/node_modules/@types/parse-json': '/www/awardwallet/node_modules/@types/.parse-json-FYwcxLFR',
77 silly reify   '/www/awardwallet/node_modules/@babel/highlight': '/www/awardwallet/node_modules/@babel/.highlight-UkcaCQHw',
77 silly reify   '/www/awardwallet/node_modules/@babel/helper-validator-identifier': '/www/awardwallet/node_modules/@babel/.helper-validator-identifier-Oky8qneX',
77 silly reify   '/www/awardwallet/node_modules/@babel/code-frame': '/www/awardwallet/node_modules/@babel/.code-frame-ruI96Erh'
77 silly reify }
78 timing reify:retireShallow Completed in 61ms
79 timing reify:createSparse Completed in 132ms
80 timing reify:loadBundles Completed in 0ms
81 silly audit bulk request {
81 silly audit   '@awardwallet/extension-client': [ '1.0.8' ],
81 silly audit   '@awardwallet/extension-v3': [ '1.0.2' ],
81 silly audit   '@babel/code-frame': [ '7.23.5' ],
81 silly audit   '@babel/helper-validator-identifier': [ '7.22.20' ],
81 silly audit   '@babel/highlight': [ '7.23.4' ],
81 silly audit   '@discoveryjs/json-ext': [ '0.5.7' ],
81 silly audit   '@jridgewell/gen-mapping': [ '0.3.3' ],
81 silly audit   '@jridgewell/resolve-uri': [ '3.1.1' ],
81 silly audit   '@jridgewell/set-array': [ '1.1.2' ],
81 silly audit   '@jridgewell/source-map': [ '0.3.5' ],
81 silly audit   '@jridgewell/sourcemap-codec': [ '1.4.15' ],
81 silly audit   '@jridgewell/trace-mapping': [ '0.3.22' ],
81 silly audit   '@protobufjs/aspromise': [ '1.1.2' ],
81 silly audit   '@protobufjs/base64': [ '1.1.2' ],
81 silly audit   '@protobufjs/codegen': [ '2.0.4' ],
81 silly audit   '@protobufjs/eventemitter': [ '1.1.0' ],
81 silly audit   '@protobufjs/fetch': [ '1.1.0' ],
81 silly audit   '@protobufjs/float': [ '1.0.2' ],
81 silly audit   '@protobufjs/inquire': [ '1.1.0' ],
81 silly audit   '@protobufjs/path': [ '1.1.2' ],
81 silly audit   '@protobufjs/pool': [ '1.1.0' ],
81 silly audit   '@protobufjs/utf8': [ '1.1.0' ],
81 silly audit   '@types/chrome': [ '0.0.258' ],
81 silly audit   '@types/eslint': [ '8.56.2' ],
81 silly audit   '@types/eslint-scope': [ '3.7.7' ],
81 silly audit   '@types/estree': [ '1.0.5' ],
81 silly audit   '@types/filesystem': [ '0.0.35' ],
81 silly audit   '@types/filewriter': [ '0.0.33' ],
81 silly audit   '@types/har-format': [ '1.2.15' ],
81 silly audit   '@types/json-schema': [ '7.0.15' ],
81 silly audit   '@types/node': [ '20.11.16' ],
81 silly audit   '@types/parse-json': [ '4.0.2' ],
81 silly audit   '@webassemblyjs/ast': [ '1.11.6' ],
81 silly audit   '@webassemblyjs/floating-point-hex-parser': [ '1.11.6' ],
81 silly audit   '@webassemblyjs/helper-api-error': [ '1.11.6' ],
81 silly audit   '@webassemblyjs/helper-buffer': [ '1.11.6' ],
81 silly audit   '@webassemblyjs/helper-numbers': [ '1.11.6' ],
81 silly audit   '@webassemblyjs/helper-wasm-bytecode': [ '1.11.6' ],
81 silly audit   '@webassemblyjs/helper-wasm-section': [ '1.11.6' ],
81 silly audit   '@webassemblyjs/ieee754': [ '1.11.6' ],
81 silly audit   '@webassemblyjs/leb128': [ '1.11.6' ],
81 silly audit   '@webassemblyjs/utf8': [ '1.11.6' ],
81 silly audit   '@webassemblyjs/wasm-edit': [ '1.11.6' ],
81 silly audit   '@webassemblyjs/wasm-gen': [ '1.11.6' ],
81 silly audit   '@webassemblyjs/wasm-opt': [ '1.11.6' ],
81 silly audit   '@webassemblyjs/wasm-parser': [ '1.11.6' ],
81 silly audit   '@webassemblyjs/wast-printer': [ '1.11.6' ],
81 silly audit   '@webpack-cli/configtest': [ '2.1.1' ],
81 silly audit   '@webpack-cli/info': [ '2.0.2' ],
81 silly audit   '@webpack-cli/serve': [ '2.0.5' ],
81 silly audit   '@xtuc/ieee754': [ '1.2.0' ],
81 silly audit   '@xtuc/long': [ '4.2.2' ],
81 silly audit   acorn: [ '8.11.3' ],
81 silly audit   'acorn-import-assertions': [ '1.9.0' ],
81 silly audit   'aggregate-error': [ '3.1.0' ],
81 silly audit   ajv: [ '6.12.6' ],
81 silly audit   'ajv-keywords': [ '3.5.2' ],
81 silly audit   'ansi-colors': [ '4.1.3' ],
81 silly audit   'ansi-escapes': [ '4.3.2' ],
81 silly audit   'ansi-regex': [ '5.0.1' ],
81 silly audit   'ansi-styles': [ '3.2.1', '4.3.0' ],
81 silly audit   'astral-regex': [ '2.0.0' ],
81 silly audit   bower: [ '1.8.14' ],
81 silly audit   braces: [ '3.0.2' ],
81 silly audit   browserslist: [ '4.22.3' ],
81 silly audit   'buffer-from': [ '1.1.2' ],
81 silly audit   callsites: [ '3.1.0' ],
81 silly audit   'caniuse-lite': [ '1.0.30001585' ],
81 silly audit   centrifuge: [ '5.0.1' ],
81 silly audit   chalk: [ '2.4.2', '4.1.2' ],
81 silly audit   'has-flag': [ '3.0.0', '4.0.0' ],
81 silly audit   'supports-color': [ '5.5.0', '8.1.1', '7.2.0' ],
81 silly audit   'chrome-trace-event': [ '1.0.3' ],
81 silly audit   'clean-stack': [ '2.2.0' ],
81 silly audit   'cli-cursor': [ '3.1.0' ],
81 silly audit   'cli-truncate': [ '2.1.0' ],
81 silly audit   'clone-deep': [ '4.0.1' ],
81 silly audit   'color-convert': [ '1.9.3', '2.0.1' ],
81 silly audit   'color-name': [ '1.1.3', '1.1.4' ],
81 silly audit   colorette: [ '1.4.0', '2.0.20' ],
81 silly audit   commander: [ '8.3.0', '2.20.3', '10.0.1' ],
81 silly audit   cosmiconfig: [ '7.1.0' ],
81 silly audit   'cross-spawn': [ '7.0.3' ],
81 silly audit   debug: [ '4.3.4' ],
81 silly audit   'electron-to-chromium': [ '1.4.661' ],
81 silly audit   'emoji-regex': [ '8.0.0' ],
81 silly audit   'enhanced-resolve': [ '5.15.0' ],
81 silly audit   enquirer: [ '2.4.1' ],
81 silly audit   envinfo: [ '7.11.1' ],
81 silly audit   'error-ex': [ '1.3.2' ],
81 silly audit   'es-module-lexer': [ '1.4.1' ],
81 silly audit   escalade: [ '3.1.2' ],
81 silly audit   'escape-string-regexp': [ '1.0.5' ],
81 silly audit   'eslint-scope': [ '5.1.1' ],
81 silly audit   esrecurse: [ '4.3.0' ],
81 silly audit   estraverse: [ '5.3.0', '4.3.0' ],
81 silly audit   events: [ '3.3.0' ],
81 silly audit   execa: [ '5.1.1' ],
81 silly audit   'fast-deep-equal': [ '3.1.3' ],
81 silly audit   'fast-json-stable-stringify': [ '2.1.0' ],
81 silly audit   'fastest-levenshtein': [ '1.0.16' ],
81 silly audit   'fill-range': [ '7.0.1' ],
81 silly audit   'find-up': [ '4.1.0' ],
81 silly audit   flat: [ '5.0.2' ],
81 silly audit   'function-bind': [ '1.1.2' ],
81 silly audit   'get-own-enumerable-property-symbols': [ '3.0.2' ],
81 silly audit   'get-stream': [ '6.0.1' ],
81 silly audit   'glob-to-regexp': [ '0.4.1' ],
81 silly audit   'graceful-fs': [ '4.2.11' ],
81 silly audit   hasown: [ '2.0.0' ],
81 silly audit   'human-signals': [ '2.1.0' ],
81 silly audit   husky: [ '6.0.0' ],
81 silly audit   'import-fresh': [ '3.3.0' ],
81 silly audit   'import-local': [ '3.1.0' ],
81 silly audit   'indent-string': [ '4.0.0' ],
81 silly audit   interpret: [ '3.1.1' ],
81 silly audit   'is-arrayish': [ '0.2.1' ],
81 silly audit   'is-core-module': [ '2.13.1' ],
81 silly audit   'is-fullwidth-code-point': [ '3.0.0' ],
81 silly audit   'is-number': [ '7.0.0' ],
81 silly audit   'is-obj': [ '1.0.1' ],
81 silly audit   'is-plain-object': [ '2.0.4' ],
81 silly audit   'is-regexp': [ '1.0.0' ],
81 silly audit   'is-stream': [ '2.0.1' ],
81 silly audit   isexe: [ '2.0.0' ],
81 silly audit   isobject: [ '3.0.1' ],
81 silly audit   'jest-worker': [ '27.5.1' ],
81 silly audit   'js-tokens': [ '4.0.0' ],
81 silly audit   'json-parse-even-better-errors': [ '2.3.1' ],
81 silly audit   'json-schema-traverse': [ '0.4.1' ],
81 silly audit   'kind-of': [ '6.0.3' ],
81 silly audit   'lines-and-columns': [ '1.2.4' ],
81 silly audit   'lint-staged': [ '11.2.6' ],
81 silly audit   listr2: [ '3.14.0' ],
81 silly audit   'loader-runner': [ '4.3.0' ],
81 silly audit   'locate-path': [ '5.0.0' ],
81 silly audit   'log-update': [ '4.0.0' ],
81 silly audit   'slice-ansi': [ '4.0.0', '3.0.0' ],
81 silly audit   'wrap-ansi': [ '6.2.0', '7.0.0' ],
81 silly audit   long: [ '5.2.3' ],
81 silly audit   'lru-cache': [ '6.0.0' ],
81 silly audit   'merge-stream': [ '2.0.0' ],
81 silly audit   micromatch: [ '4.0.5' ],
81 silly audit   'mime-db': [ '1.52.0' ],
81 silly audit   'mime-types': [ '2.1.35' ],
81 silly audit   'mimic-fn': [ '2.1.0' ],
81 silly audit   ms: [ '2.1.2' ],
81 silly audit   'neo-async': [ '2.6.2' ],
81 silly audit   'node-releases': [ '2.0.14' ],
81 silly audit   'normalize-path': [ '3.0.0' ],
81 silly audit   'npm-run-path': [ '4.0.1' ],
81 silly audit   onetime: [ '5.1.2' ],
81 silly audit   'p-limit': [ '2.3.0' ],
81 silly audit   'p-locate': [ '4.1.0' ],
81 silly audit   'p-map': [ '4.0.0' ],
81 silly audit   'p-try': [ '2.2.0' ],
81 silly audit   'parent-module': [ '1.0.1' ],
81 silly audit   'parse-json': [ '5.2.0' ],
81 silly audit   'path-exists': [ '4.0.0' ],
81 silly audit   'path-key': [ '3.1.1' ],
81 silly audit   'path-parse': [ '1.0.7' ],
81 silly audit   'path-type': [ '4.0.0' ],
81 silly audit   picocolors: [ '1.0.0' ],
81 silly audit   picomatch: [ '2.3.1' ],
81 silly audit   'pkg-dir': [ '4.2.0' ],
81 silly audit   'please-upgrade-node': [ '3.2.0' ],
81 silly audit   protobufjs: [ '7.2.6' ],
81 silly audit   punycode: [ '2.3.1' ],
81 silly audit   randombytes: [ '2.1.0' ],
81 silly audit   rechoir: [ '0.8.0' ],
81 silly audit   resolve: [ '1.22.8' ],
81 silly audit   'resolve-cwd': [ '3.0.0' ],
81 silly audit   'resolve-from': [ '5.0.0', '4.0.0' ],
81 silly audit   'restore-cursor': [ '3.1.0' ],
81 silly audit   rfdc: [ '1.3.1' ],
81 silly audit   rxjs: [ '7.8.1' ],
81 silly audit   'safe-buffer': [ '5.2.1' ],
81 silly audit   'schema-utils': [ '3.3.0' ],
81 silly audit   semver: [ '7.6.0' ],
81 silly audit   'semver-compare': [ '1.0.0' ],
81 silly audit   'serialize-javascript': [ '6.0.2' ],
81 silly audit   'shallow-clone': [ '3.0.1' ],
81 silly audit   'shebang-command': [ '2.0.0' ],
81 silly audit   'shebang-regex': [ '3.0.0' ],
81 silly audit   'signal-exit': [ '3.0.7' ],
81 silly audit   'source-map': [ '0.6.1', '0.7.4' ],
81 silly audit   'source-map-support': [ '0.5.21' ],
81 silly audit   'string-argv': [ '0.3.1' ],
81 silly audit   'string-width': [ '4.2.3' ],
81 silly audit   'stringify-object': [ '3.3.0' ],
81 silly audit   'strip-ansi': [ '6.0.1' ],
81 silly audit   'strip-final-newline': [ '2.0.0' ],
81 silly audit   'supports-preserve-symlinks-flag': [ '1.0.0' ],
81 silly audit   tapable: [ '2.2.1' ],
81 silly audit   terser: [ '5.27.0' ],
81 silly audit   'terser-webpack-plugin': [ '5.3.10' ],
81 silly audit   through: [ '2.3.8' ],
81 silly audit   'to-regex-range': [ '5.0.1' ],
81 silly audit   'ts-loader': [ '9.5.1' ],
81 silly audit   tslib: [ '2.6.2' ],
81 silly audit   'type-fest': [ '0.21.3' ],
81 silly audit   typescript: [ '5.3.3' ],
81 silly audit   'undici-types': [ '5.26.5' ],
81 silly audit   'update-browserslist-db': [ '1.0.13' ],
81 silly audit   'uri-js': [ '4.4.1' ],
81 silly audit   watchpack: [ '2.4.0' ],
81 silly audit   webpack: [ '5.90.1' ],
81 silly audit   'webpack-cli': [ '5.1.4' ],
81 silly audit   'webpack-merge': [ '5.10.0' ],
81 silly audit   'webpack-sources': [ '3.2.3' ],
81 silly audit   which: [ '2.0.2' ],
81 silly audit   wildcard: [ '2.0.1' ],
81 silly audit   yallist: [ '4.0.0' ],
81 silly audit   yaml: [ '1.10.2' ]
81 silly audit }
82 silly tarball no local data for @awardwallet/extension-v3@https://npm.pkg.github.com/download/@awardwallet/extension-v3/1.0.2/feda1b9214278435e8a6efed1f37d5af214395d2. Extracting by manifest.
83 silly tarball no local data for @awardwallet/extension-client@https://npm.pkg.github.com/download/@awardwallet/extension-client/1.0.8/54aa5b44dcdca413c1b6059e7a186a8acee6cbfc. Extracting by manifest.
84 http fetch POST 200 https://registry.npmjs.org/-/npm/v1/security/advisories/bulk 1180ms
85 timing auditReport:getReport Completed in 1189ms
86 silly audit report {}
87 timing auditReport:init Completed in 0ms
88 timing reify:audit Completed in 1192ms
89 timing reifyNode:node_modules/@webassemblyjs/helper-api-error Completed in 1222ms
90 timing reifyNode:node_modules/shallow-clone Completed in 1244ms
91 timing reifyNode:node_modules/path-parse Completed in 1248ms
92 timing reifyNode:node_modules/buffer-from Completed in 1249ms
93 timing reifyNode:node_modules/clone-deep Completed in 1251ms
94 timing reifyNode:node_modules/@webassemblyjs/helper-wasm-bytecode Completed in 1257ms
95 timing reifyNode:node_modules/@webassemblyjs/helper-buffer Completed in 1258ms
96 timing reifyNode:node_modules/@webassemblyjs/wasm-opt Completed in 1259ms
97 timing reifyNode:node_modules/@types/eslint-scope Completed in 1258ms
98 timing reifyNode:node_modules/@types/filewriter Completed in 1261ms
99 timing reifyNode:node_modules/@types/parse-json Completed in 1269ms
100 timing reifyNode:node_modules/ansi-styles Completed in 1269ms
101 timing reifyNode:node_modules/wrap-ansi/node_modules/color-name Completed in 1275ms
102 timing reifyNode:node_modules/ts-loader/node_modules/color-name Completed in 1283ms
103 timing reifyNode:node_modules/slice-ansi/node_modules/color-name Completed in 1276ms
104 timing reifyNode:node_modules/chalk/node_modules/has-flag Completed in 1275ms
105 timing reifyNode:node_modules/serialize-javascript Completed in 1290ms
106 timing reifyNode:node_modules/resolve-cwd Completed in 1291ms
107 timing reifyNode:node_modules/p-locate Completed in 1291ms
108 timing reifyNode:node_modules/pkg-dir Completed in 1293ms
109 timing reifyNode:node_modules/p-try Completed in 1294ms
110 timing reifyNode:node_modules/p-limit Completed in 1295ms
111 timing reifyNode:node_modules/path-exists Completed in 1297ms
112 timing reifyNode:node_modules/locate-path Completed in 1299ms
113 timing reifyNode:node_modules/lru-cache Completed in 1300ms
114 timing reifyNode:node_modules/is-plain-object Completed in 1302ms
115 timing reifyNode:node_modules/find-up Completed in 1302ms
116 timing reifyNode:node_modules/isobject Completed in 1303ms
117 timing reifyNode:node_modules/@webassemblyjs/helper-numbers Completed in 1307ms
118 timing reifyNode:node_modules/@webassemblyjs/ieee754 Completed in 1308ms
119 timing reifyNode:node_modules/@webassemblyjs/floating-point-hex-parser Completed in 1308ms
120 timing reifyNode:node_modules/supports-color Completed in 1307ms
121 timing reifyNode:node_modules/strip-ansi Completed in 1307ms
122 timing reifyNode:node_modules/signal-exit Completed in 1308ms
123 timing reifyNode:node_modules/string-width Completed in 1309ms
124 timing reifyNode:node_modules/is-stream Completed in 1314ms
125 timing reifyNode:node_modules/ansi-regex Completed in 1314ms
126 timing reifyNode:node_modules/ts-loader/node_modules/supports-color Completed in 1326ms
127 timing reifyNode:node_modules/log-update/node_modules/color-name Completed in 1317ms
128 timing reifyNode:node_modules/resolve-cwd/node_modules/resolve-from Completed in 1327ms
129 http fetch GET 401 https://npm.pkg.github.com/download/@awardwallet/extension-v3/1.0.2/feda1b9214278435e8a6efed1f37d5af214395d2 1113ms (cache skip)
130 timing reifyNode:node_modules/yallist Completed in 1349ms
131 timing reifyNode:node_modules/kind-of Completed in 1346ms
132 timing reifyNode:node_modules/interpret Completed in 1346ms
133 timing reifyNode:node_modules/import-local Completed in 1347ms
134 timing reifyNode:node_modules/glob-to-regexp Completed in 1347ms
135 timing reifyNode:node_modules/esrecurse Completed in 1348ms
136 timing reifyNode:node_modules/@webpack-cli/serve Completed in 1348ms
137 timing reifyNode:node_modules/@webassemblyjs/wast-printer Completed in 1349ms
138 timing reifyNode:node_modules/@webpack-cli/info Completed in 1350ms
139 timing reifyNode:node_modules/@webpack-cli/configtest Completed in 1350ms
140 timing reifyNode:node_modules/@webassemblyjs/helper-wasm-section Completed in 1350ms
141 timing reifyNode:node_modules/@types/har-format Completed in 1351ms
142 timing reifyNode:node_modules/@types/json-schema Completed in 1352ms
143 timing reifyNode:node_modules/@types/filesystem Completed in 1351ms
144 timing reifyNode:node_modules/chalk/node_modules/supports-color Completed in 1349ms
145 http fetch GET 401 https://npm.pkg.github.com/download/@awardwallet/extension-client/1.0.8/54aa5b44dcdca413c1b6059e7a186a8acee6cbfc 1128ms (cache skip)
146 timing reifyNode:node_modules/micromatch Completed in 1362ms
147 timing reifyNode:node_modules/lines-and-columns Completed in 1364ms
148 timing reifyNode:node_modules/colorette Completed in 1364ms
149 timing reifyNode:node_modules/ts-loader/node_modules/ansi-styles Completed in 1379ms
150 timing reifyNode:node_modules/slice-ansi/node_modules/ansi-styles Completed in 1372ms
151 timing reifyNode:node_modules/wrap-ansi/node_modules/ansi-styles Completed in 1372ms
152 timing reifyNode:node_modules/log-update/node_modules/ansi-styles Completed in 1372ms
153 timing reifyNode:node_modules/picocolors Completed in 1383ms
154 timing reifyNode:node_modules/graceful-fs Completed in 1383ms
155 timing reifyNode:node_modules/mime-types Completed in 1383ms
156 timing reifyNode:node_modules/loader-runner Completed in 1384ms
157 timing reifyNode:node_modules/@xtuc/ieee754 Completed in 1384ms
158 timing reifyNode:node_modules/@webassemblyjs/wasm-edit Completed in 1384ms
159 timing reifyNode:node_modules/@types/estree Completed in 1385ms
160 timing reifyNode:node_modules/@protobufjs/path Completed in 1385ms
161 timing reifyNode:node_modules/@protobufjs/base64 Completed in 1386ms
162 timing reifyNode:node_modules/@protobufjs/fetch Completed in 1386ms
163 timing reifyNode:node_modules/@protobufjs/codegen Completed in 1387ms
164 timing reifyNode:node_modules/@protobufjs/eventemitter Completed in 1388ms
165 timing reifyNode:node_modules/@protobufjs/aspromise Completed in 1388ms
166 timing reifyNode:node_modules/color-name Completed in 1385ms
167 timing reifyNode:node_modules/update-browserslist-db Completed in 1402ms
168 timing reifyNode:node_modules/safe-buffer Completed in 1402ms
169 timing reifyNode:node_modules/randombytes Completed in 1406ms
170 timing reifyNode:node_modules/@protobufjs/pool Completed in 1403ms
171 timing reifyNode:node_modules/@babel/code-frame Completed in 1404ms
172 timing reifyNode:node_modules/webpack-cli/node_modules/colorette Completed in 1415ms
173 timing reifyNode:node_modules/@babel/highlight Completed in 1408ms
174 timing reifyNode:node_modules/rechoir Completed in 1417ms
175 timing reifyNode:node_modules/punycode Completed in 1418ms
176 timing reifyNode:node_modules/acorn-import-assertions Completed in 1419ms
177 timing reifyNode:node_modules/@webassemblyjs/wasm-gen Completed in 1422ms
178 timing reifyNode:node_modules/ansi-colors Completed in 1419ms
179 timing reifyNode:node_modules/color-convert Completed in 1420ms
180 timing reifyNode:node_modules/debug Completed in 1422ms
181 timing reifyNode:node_modules/ts-loader/node_modules/color-convert Completed in 1432ms
182 timing reifyNode:node_modules/slice-ansi/node_modules/color-convert Completed in 1426ms
183 timing reifyNode:node_modules/listr2/node_modules/colorette Completed in 1423ms
184 timing reifyNode:node_modules/log-update/node_modules/color-convert Completed in 1424ms
185 timing reifyNode:node_modules/wrap-ansi/node_modules/color-convert Completed in 1426ms
186 timing reifyNode:node_modules/flat Completed in 1436ms
187 timing reifyNode:node_modules/estraverse Completed in 1436ms
188 timing reifyNode:node_modules/chrome-trace-event Completed in 1437ms
189 timing reifyNode:node_modules/@webassemblyjs/leb128 Completed in 1438ms
190 timing reifyNode:node_modules/chalk Completed in 1435ms
191 timing reifyNode:node_modules/esrecurse/node_modules/estraverse Completed in 1444ms
192 timing reifyNode:node_modules/escalade Completed in 1448ms
193 timing reifyNode:node_modules/@webassemblyjs/utf8 Completed in 1450ms
194 timing reifyNode:node_modules/@protobufjs/utf8 Completed in 1450ms
195 timing reifyNode:node_modules/ts-loader/node_modules/chalk Completed in 1459ms
196 timing reifyNode:node_modules/supports-preserve-symlinks-flag Completed in 1460ms
197 timing reifyNode:node_modules/node-releases Completed in 1460ms
198 timing reifyNode:node_modules/@protobufjs/float Completed in 1461ms
199 timing reifyNode:node_modules/@jridgewell/set-array Completed in 1462ms
200 timing reifyNode:node_modules/terser/node_modules/commander Completed in 1471ms
201 timing reifyNode:node_modules/json-schema-traverse Completed in 1474ms
202 timing reifyNode:node_modules/@webassemblyjs/wasm-parser Completed in 1474ms
203 timing reifyNode:node_modules/@protobufjs/inquire Completed in 1474ms
204 timing reifyNode:node_modules/rfdc Completed in 1484ms
205 timing reifyNode:node_modules/source-map-support Completed in 1485ms
206 timing reifyNode:node_modules/fast-deep-equal Completed in 1484ms
207 timing reifyNode:node_modules/hasown Completed in 1486ms
208 timing reifyNode:node_modules/is-core-module Completed in 1486ms
209 timing reifyNode:node_modules/@jridgewell/resolve-uri Completed in 1485ms
210 timing reifyNode:node_modules/browserslist Completed in 1497ms
211 timing reifyNode:node_modules/envinfo Completed in 1498ms
212 timing reifyNode:node_modules/watchpack Completed in 1510ms
213 timing reifyNode:node_modules/es-module-lexer Completed in 1506ms
214 timing reifyNode:node_modules/@jridgewell/sourcemap-codec Completed in 1505ms
215 timing reifyNode:node_modules/@babel/helper-validator-identifier Completed in 1506ms
216 timing reifyNode:node_modules/long Completed in 1516ms
217 timing reifyNode:node_modules/fastest-levenshtein Completed in 1515ms
218 timing reifyNode:node_modules/terser-webpack-plugin Completed in 1524ms
219 timing reifyNode:node_modules/function-bind Completed in 1525ms
220 timing reifyNode:node_modules/picomatch Completed in 1521ms
221 timing reifyNode:node_modules/execa Completed in 1522ms
222 timing reifyNode:node_modules/wildcard Completed in 1537ms
223 timing reifyNode:node_modules/mime-db Completed in 1552ms
224 timing reifyNode:node_modules/fast-json-stable-stringify Completed in 1569ms
225 timing reifyNode:node_modules/@jridgewell/gen-mapping Completed in 1574ms
226 timing reifyNode:node_modules/eslint-scope Completed in 1584ms
227 timing reifyNode:node_modules/@xtuc/long Completed in 1589ms
228 timing reifyNode:node_modules/commander Completed in 1585ms
229 timing reifyNode:node_modules/tslib Completed in 1637ms
230 timing reifyNode:node_modules/webpack-merge Completed in 1659ms
231 timing reifyNode:node_modules/@jridgewell/source-map Completed in 1653ms
232 timing reifyNode:node_modules/@discoveryjs/json-ext Completed in 1654ms
233 timing reifyNode:node_modules/tapable Completed in 1663ms
234 timing reifyNode:node_modules/webpack-cli Completed in 1690ms
235 timing reifyNode:node_modules/webpack-cli/node_modules/commander Completed in 1691ms
236 timing reifyNode:node_modules/electron-to-chromium Completed in 1699ms
237 timing reifyNode:node_modules/@jridgewell/trace-mapping Completed in 1698ms
238 timing reifyNode:node_modules/lint-staged Completed in 1695ms
239 timing reifyNode:node_modules/schema-utils Completed in 1706ms
240 timing reifyNode:node_modules/@types/eslint Completed in 1703ms
241 timing reifyNode:node_modules/webpack-sources Completed in 1727ms
242 timing reifyNode:node_modules/ts-loader/node_modules/source-map Completed in 1750ms
243 timing reifyNode:node_modules/jest-worker Completed in 1750ms
244 timing reifyNode:node_modules/events Completed in 1750ms
245 timing reifyNode:node_modules/undici-types Completed in 1760ms
246 timing reifyNode:node_modules/ajv-keywords Completed in 1758ms
247 timing reifyNode:node_modules/@webassemblyjs/ast Completed in 1764ms
248 timing reifyNode:node_modules/acorn Completed in 1771ms
249 timing reifyNode:node_modules/@types/chrome Completed in 1790ms
250 timing reifyNode:node_modules/cosmiconfig Completed in 1795ms
251 timing reifyNode:node_modules/semver Completed in 1828ms
252 timing reifyNode:node_modules/enhanced-resolve Completed in 1836ms
253 timing reifyNode:node_modules/enquirer Completed in 1830ms
254 timing reifyNode:node_modules/source-map Completed in 1861ms
255 timing reifyNode:node_modules/ts-loader Completed in 1864ms
256 timing reifyNode:node_modules/uri-js Completed in 1888ms
257 timing reifyNode:node_modules/listr2 Completed in 1895ms
258 timing reifyNode:node_modules/neo-async Completed in 1993ms
259 timing reifyNode:node_modules/centrifuge Completed in 2026ms
260 timing reifyNode:node_modules/ajv Completed in 2065ms
261 timing reifyNode:node_modules/terser Completed in 2103ms
262 timing reifyNode:node_modules/resolve Completed in 2113ms
263 timing reifyNode:node_modules/protobufjs Completed in 2188ms
264 timing reifyNode:node_modules/@types/node Completed in 2326ms
265 timing reifyNode:node_modules/caniuse-lite Completed in 2838ms
266 timing reifyNode:node_modules/webpack Completed in 2917ms
267 timing reifyNode:node_modules/typescript Completed in 3641ms
268 timing reifyNode:node_modules/rxjs Completed in 3785ms
269 timing reify:rollback:createSparse Completed in 2109ms
270 timing reify:rollback:retireShallow Completed in 18ms
271 timing command:i Completed in 6592ms
272 verbose stack HttpErrorGeneral: 401 Unauthorized - GET https://npm.pkg.github.com/download/@awardwallet/extension-v3/1.0.2/feda1b9214278435e8a6efed1f37d5af214395d2 - authentication token not provided
272 verbose stack     at /usr/local/lib/nodejs/node-v16.17.0-linux-x64/lib/node_modules/npm/node_modules/npm-registry-fetch/lib/check-response.js:93:15
272 verbose stack     at processTicksAndRejections (node:internal/process/task_queues:96:5)
273 verbose statusCode 401
274 verbose pkgid @awardwallet/extension-v3@https://npm.pkg.github.com/download/@awardwallet/extension-v3/1.0.2/feda1b9214278435e8a6efed1f37d5af214395d2
275 verbose cwd /www/awardwallet
276 verbose Linux 6.6.12-linuxkit
277 verbose node v16.17.0
278 verbose npm  v8.15.0
279 error code E401
280 error 401 Unauthorized - GET https://npm.pkg.github.com/download/@awardwallet/extension-v3/1.0.2/feda1b9214278435e8a6efed1f37d5af214395d2 - authentication token not provided
281 verbose exit 1
282 timing npm Completed in 6782ms
283 verbose unfinished npm timer reify 1709181142556
284 verbose unfinished npm timer reify:unpack 1709181143213
285 verbose unfinished npm timer reifyNode:node_modules/@awardwallet/extension-v3 1709181143224
286 verbose unfinished npm timer reifyNode:node_modules/@awardwallet/extension-client 1709181143224
287 verbose code 1
288 error A complete log of this run can be found in:
288 error     /home/user/.npm/_logs/2024-02-29T04_32_22_375Z-debug-0.log
