0 verbose cli /usr/local/lib/nodejs/node-v16.17.0-linux-x64/bin/node /usr/local/lib/nodejs/node-v16.17.0-linux-x64/bin/npm
1 info using npm@8.15.0
2 info using node@v16.17.0
3 timing npm:load:whichnode Completed in 0ms
4 timing config:load:defaults Completed in 3ms
5 timing config:load:file:/usr/local/lib/nodejs/node-v16.17.0-linux-x64/lib/node_modules/npm/npmrc Completed in 4ms
6 timing config:load:builtin Completed in 4ms
7 timing config:load:cli Completed in 1ms
8 timing config:load:env Completed in 1ms
9 timing config:load:file:/www/awardwallet/.npmrc Completed in 1ms
10 timing config:load:project Completed in 37ms
11 timing config:load:file:/home/user/.npmrc Completed in 1ms
12 timing config:load:user Completed in 1ms
13 timing config:load:file:/usr/local/lib/nodejs/node-v16.17.0-linux-x64/etc/npmrc Completed in 0ms
14 timing config:load:global Completed in 0ms
15 timing config:load:validate Completed in 0ms
16 timing config:load:credentials Completed in 3ms
17 timing config:load:setEnvs Completed in 2ms
18 timing config:load Completed in 56ms
19 timing npm:load:configload Completed in 56ms
20 timing npm:load:mkdirpcache Completed in 3ms
21 timing npm:load:mkdirplogs Completed in 1ms
22 verbose title npm i
23 verbose argv "i"
24 timing npm:load:setTitle Completed in 3ms
25 timing config:load:flatten Completed in 5ms
26 timing npm:load:display Completed in 8ms
27 verbose logfile logs-max:10 dir:/home/user/.npm/_logs
28 verbose logfile /home/user/.npm/_logs/2025-03-17T06_34_28_634Z-debug-0.log
29 timing npm:load:logFile Completed in 18ms
30 timing npm:load:timers Completed in 1ms
31 timing npm:load:configScope Completed in 0ms
32 timing npm:load Completed in 93ms
33 timing arborist:ctor Completed in 0ms
34 silly logfile start cleaning logs, removing 1 files
35 silly logfile done cleaning log files
36 timing idealTree:init Completed in 283ms
37 timing idealTree:userRequests Completed in 0ms
38 silly idealTree buildDeps
39 timing idealTree:#root Completed in 0ms
40 timing idealTree:buildDeps Completed in 2ms
41 timing idealTree:fixDepFlags Completed in 0ms
42 timing idealTree Completed in 294ms
43 verbose shrinkwrap failed to load node_modules/.package-lock.json out of date, updated: node_modules
44 timing reify:loadTrees Completed in 465ms
45 timing reify:diffTrees Completed in 12ms
46 silly reify mark retired [ '/www/awardwallet/node_modules/ansi-colors' ]
47 silly reify mark retired [
47 silly reify   '/www/awardwallet/node_modules/bower',
47 silly reify   '/www/awardwallet/node_modules/.bin/bower'
47 silly reify ]
48 silly reify mark retired [ '/www/awardwallet/node_modules/ansi-styles' ]
49 silly reify mark retired [ '/www/awardwallet/node_modules/braces' ]
50 silly reify mark retired [ '/www/awardwallet/node_modules/ansi-regex' ]
51 silly reify mark retired [ '/www/awardwallet/node_modules/chalk' ]
52 silly reify mark retired [ '/www/awardwallet/node_modules/colorette' ]
53 silly reify mark retired [ '/www/awardwallet/node_modules/color-name' ]
54 silly reify mark retired [ '/www/awardwallet/node_modules/color-convert' ]
55 silly reify mark retired [ '/www/awardwallet/node_modules/commander' ]
56 silly reify mark retired [ '/www/awardwallet/node_modules/debug' ]
57 silly reify mark retired [ '/www/awardwallet/node_modules/cosmiconfig' ]
58 silly reify mark retired [ '/www/awardwallet/node_modules/dedent' ]
59 silly reify mark retired [ '/www/awardwallet/node_modules/execa' ]
60 silly reify mark retired [ '/www/awardwallet/node_modules/enquirer' ]
61 silly reify mark retired [ '/www/awardwallet/node_modules/fill-range' ]
62 silly reify mark retired [ '/www/awardwallet/node_modules/is-stream' ]
63 silly reify mark retired [ '/www/awardwallet/node_modules/lines-and-columns' ]
64 silly reify mark retired [
64 silly reify   '/www/awardwallet/node_modules/lint-staged',
64 silly reify   '/www/awardwallet/node_modules/.bin/lint-staged'
64 silly reify ]
65 silly reify mark retired [ '/www/awardwallet/node_modules/is-unicode-supported' ]
66 silly reify mark retired [ '/www/awardwallet/node_modules/listr2' ]
67 silly reify mark retired [ '/www/awardwallet/node_modules/log-symbols' ]
68 silly reify mark retired [ '/www/awardwallet/node_modules/micromatch' ]
69 silly reify mark retired [ '/www/awardwallet/node_modules/picomatch' ]
70 silly reify mark retired [ '/www/awardwallet/node_modules/rxjs' ]
71 silly reify mark retired [ '/www/awardwallet/node_modules/signal-exit' ]
72 silly reify mark retired [ '/www/awardwallet/node_modules/supports-color' ]
73 silly reify mark retired [ '/www/awardwallet/node_modules/strip-ansi' ]
74 silly reify mark retired [ '/www/awardwallet/node_modules/string-width' ]
75 silly reify mark retired [ '/www/awardwallet/node_modules/@babel/highlight' ]
76 silly reify mark retired [ '/www/awardwallet/node_modules/tslib' ]
77 silly reify mark retired [ '/www/awardwallet/node_modules/@babel/helper-validator-identifier' ]
78 silly reify mark retired [ '/www/awardwallet/node_modules/@babel/code-frame' ]
79 silly reify mark retired [ '/www/awardwallet/node_modules/@types/parse-json' ]
80 silly reify moves {
80 silly reify   '/www/awardwallet/node_modules/ansi-colors': '/www/awardwallet/node_modules/.ansi-colors-z0NUBQfi',
80 silly reify   '/www/awardwallet/node_modules/bower': '/www/awardwallet/node_modules/.bower-yi8yL5HH',
80 silly reify   '/www/awardwallet/node_modules/.bin/bower': '/www/awardwallet/node_modules/.bin/.bower-nj7OcSpg',
80 silly reify   '/www/awardwallet/node_modules/ansi-styles': '/www/awardwallet/node_modules/.ansi-styles-Qr8LGDVz',
80 silly reify   '/www/awardwallet/node_modules/braces': '/www/awardwallet/node_modules/.braces-UsePRoc9',
80 silly reify   '/www/awardwallet/node_modules/ansi-regex': '/www/awardwallet/node_modules/.ansi-regex-3xHrSnLG',
80 silly reify   '/www/awardwallet/node_modules/chalk': '/www/awardwallet/node_modules/.chalk-t8hQ5lOd',
80 silly reify   '/www/awardwallet/node_modules/colorette': '/www/awardwallet/node_modules/.colorette-Q0E8SGqn',
80 silly reify   '/www/awardwallet/node_modules/color-name': '/www/awardwallet/node_modules/.color-name-iOUdcmTs',
80 silly reify   '/www/awardwallet/node_modules/color-convert': '/www/awardwallet/node_modules/.color-convert-QCu4IOUz',
80 silly reify   '/www/awardwallet/node_modules/commander': '/www/awardwallet/node_modules/.commander-HKeW4Vfm',
80 silly reify   '/www/awardwallet/node_modules/debug': '/www/awardwallet/node_modules/.debug-FTdyBXBw',
80 silly reify   '/www/awardwallet/node_modules/cosmiconfig': '/www/awardwallet/node_modules/.cosmiconfig-CdiyUvLN',
80 silly reify   '/www/awardwallet/node_modules/dedent': '/www/awardwallet/node_modules/.dedent-pkwnbmvl',
80 silly reify   '/www/awardwallet/node_modules/execa': '/www/awardwallet/node_modules/.execa-JRU6BSre',
80 silly reify   '/www/awardwallet/node_modules/enquirer': '/www/awardwallet/node_modules/.enquirer-dMZohlX0',
80 silly reify   '/www/awardwallet/node_modules/fill-range': '/www/awardwallet/node_modules/.fill-range-x1W77AQr',
80 silly reify   '/www/awardwallet/node_modules/is-stream': '/www/awardwallet/node_modules/.is-stream-nlbhwzI7',
80 silly reify   '/www/awardwallet/node_modules/lines-and-columns': '/www/awardwallet/node_modules/.lines-and-columns-kAho9F6C',
80 silly reify   '/www/awardwallet/node_modules/lint-staged': '/www/awardwallet/node_modules/.lint-staged-Df54fsTk',
80 silly reify   '/www/awardwallet/node_modules/.bin/lint-staged': '/www/awardwallet/node_modules/.bin/.lint-staged-VfK6QSOD',
80 silly reify   '/www/awardwallet/node_modules/is-unicode-supported': '/www/awardwallet/node_modules/.is-unicode-supported-jx1eDa5n',
80 silly reify   '/www/awardwallet/node_modules/listr2': '/www/awardwallet/node_modules/.listr2-DCw1ujXK',
80 silly reify   '/www/awardwallet/node_modules/log-symbols': '/www/awardwallet/node_modules/.log-symbols-G6AsbxHw',
80 silly reify   '/www/awardwallet/node_modules/micromatch': '/www/awardwallet/node_modules/.micromatch-8f5fYAjZ',
80 silly reify   '/www/awardwallet/node_modules/picomatch': '/www/awardwallet/node_modules/.picomatch-Qbs3uGNU',
80 silly reify   '/www/awardwallet/node_modules/rxjs': '/www/awardwallet/node_modules/.rxjs-HU0XxEzo',
80 silly reify   '/www/awardwallet/node_modules/signal-exit': '/www/awardwallet/node_modules/.signal-exit-wLwH5uh2',
80 silly reify   '/www/awardwallet/node_modules/supports-color': '/www/awardwallet/node_modules/.supports-color-OHRBiOF5',
80 silly reify   '/www/awardwallet/node_modules/strip-ansi': '/www/awardwallet/node_modules/.strip-ansi-1In8PVKG',
80 silly reify   '/www/awardwallet/node_modules/string-width': '/www/awardwallet/node_modules/.string-width-Pqwk4eOm',
80 silly reify   '/www/awardwallet/node_modules/@babel/highlight': '/www/awardwallet/node_modules/@babel/.highlight-UkcaCQHw',
80 silly reify   '/www/awardwallet/node_modules/tslib': '/www/awardwallet/node_modules/.tslib-HOa2QQrz',
80 silly reify   '/www/awardwallet/node_modules/@babel/helper-validator-identifier': '/www/awardwallet/node_modules/@babel/.helper-validator-identifier-Oky8qneX',
80 silly reify   '/www/awardwallet/node_modules/@babel/code-frame': '/www/awardwallet/node_modules/@babel/.code-frame-ruI96Erh',
80 silly reify   '/www/awardwallet/node_modules/@types/parse-json': '/www/awardwallet/node_modules/@types/.parse-json-FYwcxLFR'
80 silly reify }
81 timing reify:retireShallow Completed in 52ms
82 timing reify:createSparse Completed in 97ms
83 timing reify:loadBundles Completed in 0ms
84 silly audit bulk request {
84 silly audit   '@awardwallet/extension-client': [ '1.1.6', '1.1.1' ],
84 silly audit   '@awardwallet/extension-v3': [ '3.2.2' ],
84 silly audit   '@awardwallet/jquery.json-viewer': [ '1.4.0' ],
84 silly audit   '@babel/code-frame': [ '7.23.5' ],
84 silly audit   '@babel/helper-validator-identifier': [ '7.22.20' ],
84 silly audit   '@babel/highlight': [ '7.23.4' ],
84 silly audit   '@discoveryjs/json-ext': [ '0.5.7' ],
84 silly audit   '@jridgewell/gen-mapping': [ '0.3.3' ],
84 silly audit   '@jridgewell/resolve-uri': [ '3.1.1' ],
84 silly audit   '@jridgewell/set-array': [ '1.1.2' ],
84 silly audit   '@jridgewell/source-map': [ '0.3.5' ],
84 silly audit   '@jridgewell/sourcemap-codec': [ '1.4.15' ],
84 silly audit   '@jridgewell/trace-mapping': [ '0.3.22' ],
84 silly audit   '@protobufjs/aspromise': [ '1.1.2' ],
84 silly audit   '@protobufjs/base64': [ '1.1.2' ],
84 silly audit   '@protobufjs/codegen': [ '2.0.4' ],
84 silly audit   '@protobufjs/eventemitter': [ '1.1.0' ],
84 silly audit   '@protobufjs/fetch': [ '1.1.0' ],
84 silly audit   '@protobufjs/float': [ '1.0.2' ],
84 silly audit   '@protobufjs/inquire': [ '1.1.0' ],
84 silly audit   '@protobufjs/path': [ '1.1.2' ],
84 silly audit   '@protobufjs/pool': [ '1.1.0' ],
84 silly audit   '@protobufjs/utf8': [ '1.1.0' ],
84 silly audit   '@types/eslint': [ '8.56.2' ],
84 silly audit   '@types/eslint-scope': [ '3.7.7' ],
84 silly audit   '@types/estree': [ '1.0.5' ],
84 silly audit   '@types/json-schema': [ '7.0.15' ],
84 silly audit   '@types/node': [ '20.11.16' ],
84 silly audit   '@types/parse-json': [ '4.0.2' ],
84 silly audit   '@webassemblyjs/ast': [ '1.11.6' ],
84 silly audit   '@webassemblyjs/floating-point-hex-parser': [ '1.11.6' ],
84 silly audit   '@webassemblyjs/helper-api-error': [ '1.11.6' ],
84 silly audit   '@webassemblyjs/helper-buffer': [ '1.11.6' ],
84 silly audit   '@webassemblyjs/helper-numbers': [ '1.11.6' ],
84 silly audit   '@webassemblyjs/helper-wasm-bytecode': [ '1.11.6' ],
84 silly audit   '@webassemblyjs/helper-wasm-section': [ '1.11.6' ],
84 silly audit   '@webassemblyjs/ieee754': [ '1.11.6' ],
84 silly audit   '@webassemblyjs/leb128': [ '1.11.6' ],
84 silly audit   '@webassemblyjs/utf8': [ '1.11.6' ],
84 silly audit   '@webassemblyjs/wasm-edit': [ '1.11.6' ],
84 silly audit   '@webassemblyjs/wasm-gen': [ '1.11.6' ],
84 silly audit   '@webassemblyjs/wasm-opt': [ '1.11.6' ],
84 silly audit   '@webassemblyjs/wasm-parser': [ '1.11.6' ],
84 silly audit   '@webassemblyjs/wast-printer': [ '1.11.6' ],
84 silly audit   '@webpack-cli/configtest': [ '2.1.1' ],
84 silly audit   '@webpack-cli/info': [ '2.0.2' ],
84 silly audit   '@webpack-cli/serve': [ '2.0.5' ],
84 silly audit   '@xtuc/ieee754': [ '1.2.0' ],
84 silly audit   '@xtuc/long': [ '4.2.2' ],
84 silly audit   acorn: [ '8.11.3' ],
84 silly audit   'acorn-import-assertions': [ '1.9.0' ],
84 silly audit   'aggregate-error': [ '3.1.0' ],
84 silly audit   ajv: [ '6.12.6' ],
84 silly audit   'ajv-keywords': [ '3.5.2' ],
84 silly audit   'ansi-colors': [ '4.1.3' ],
84 silly audit   'ansi-escapes': [ '4.3.2' ],
84 silly audit   'ansi-regex': [ '5.0.1' ],
84 silly audit   'ansi-styles': [ '3.2.1', '4.3.0' ],
84 silly audit   asap: [ '2.0.6' ],
84 silly audit   'astral-regex': [ '2.0.0' ],
84 silly audit   'base64-arraybuffer': [ '1.0.2' ],
84 silly audit   braces: [ '3.0.3' ],
84 silly audit   browserslist: [ '4.22.3' ],
84 silly audit   'buffer-from': [ '1.1.2' ],
84 silly audit   callsites: [ '3.1.0' ],
84 silly audit   'caniuse-lite': [ '1.0.30001585' ],
84 silly audit   centrifuge: [ '5.3.2' ],
84 silly audit   chalk: [ '2.4.2', '4.1.2' ],
84 silly audit   'has-flag': [ '3.0.0', '4.0.0' ],
84 silly audit   'supports-color': [ '5.5.0', '8.1.1', '7.2.0' ],
84 silly audit   'chrome-trace-event': [ '1.0.3' ],
84 silly audit   'clean-stack': [ '2.2.0' ],
84 silly audit   'cli-cursor': [ '3.1.0' ],
84 silly audit   'cli-truncate': [ '2.1.0' ],
84 silly audit   'clone-deep': [ '4.0.1' ],
84 silly audit   'color-convert': [ '1.9.3', '2.0.1' ],
84 silly audit   'color-name': [ '1.1.3', '1.1.4' ],
84 silly audit   colorette: [ '1.4.0', '2.0.20' ],
84 silly audit   commander: [ '8.3.0', '2.20.3', '10.0.1' ],
84 silly audit   cosmiconfig: [ '7.1.0' ],
84 silly audit   'cross-fetch': [ '3.2.0' ],
84 silly audit   'cross-spawn': [ '7.0.3' ],
84 silly audit   'css-line-break': [ '2.1.0' ],
84 silly audit   debug: [ '4.3.4' ],
84 silly audit   'detect-europe-js': [ '0.1.2' ],
84 silly audit   'electron-to-chromium': [ '1.4.661' ],
84 silly audit   'emoji-regex': [ '8.0.0' ],
84 silly audit   'enhanced-resolve': [ '5.15.0' ],
84 silly audit   enquirer: [ '2.4.1' ],
84 silly audit   envinfo: [ '7.11.1' ],
84 silly audit   'error-ex': [ '1.3.2' ],
84 silly audit   'es-module-lexer': [ '1.4.1' ],
84 silly audit   escalade: [ '3.1.2' ],
84 silly audit   'escape-string-regexp': [ '1.0.5' ],
84 silly audit   'eslint-scope': [ '5.1.1' ],
84 silly audit   esrecurse: [ '4.3.0' ],
84 silly audit   estraverse: [ '5.3.0', '4.3.0' ],
84 silly audit   events: [ '3.3.0' ],
84 silly audit   execa: [ '5.1.1' ],
84 silly audit   'fast-deep-equal': [ '3.1.3' ],
84 silly audit   'fast-json-stable-stringify': [ '2.1.0' ],
84 silly audit   'fastest-levenshtein': [ '1.0.16' ],
84 silly audit   fbemitter: [ '3.0.0' ],
84 silly audit   fbjs: [ '3.0.5' ],
84 silly audit   'fbjs-css-vars': [ '1.0.2' ],
84 silly audit   'ua-parser-js': [ '1.0.40', '2.0.0' ],
84 silly audit   'fill-range': [ '7.1.1' ],
84 silly audit   'find-up': [ '4.1.0' ],
84 silly audit   flat: [ '5.0.2' ],
84 silly audit   'function-bind': [ '1.1.2' ],
84 silly audit   'get-own-enumerable-property-symbols': [ '3.0.2' ],
84 silly audit   'get-stream': [ '6.0.1' ],
84 silly audit   'glob-to-regexp': [ '0.4.1' ],
84 silly audit   'graceful-fs': [ '4.2.11' ],
84 silly audit   hasown: [ '2.0.0' ],
84 silly audit   html2canvas: [ '1.4.1' ],
84 silly audit   'human-signals': [ '2.1.0' ],
84 silly audit   husky: [ '6.0.0' ],
84 silly audit   'import-fresh': [ '3.3.0' ],
84 silly audit   'import-local': [ '3.1.0' ],
84 silly audit   'indent-string': [ '4.0.0' ],
84 silly audit   interpret: [ '3.1.1' ],
84 silly audit   'is-arrayish': [ '0.2.1' ],
84 silly audit   'is-core-module': [ '2.13.1' ],
84 silly audit   'is-fullwidth-code-point': [ '3.0.0' ],
84 silly audit   'is-number': [ '7.0.0' ],
84 silly audit   'is-obj': [ '1.0.1' ],
84 silly audit   'is-plain-object': [ '2.0.4' ],
84 silly audit   'is-regexp': [ '1.0.0' ],
84 silly audit   'is-standalone-pwa': [ '0.1.1' ],
84 silly audit   'is-stream': [ '2.0.1' ],
84 silly audit   isexe: [ '2.0.0' ],
84 silly audit   isobject: [ '3.0.1' ],
84 silly audit   'jest-worker': [ '27.5.1' ],
84 silly audit   jquery: [ '1.11.1' ],
84 silly audit   'jquery-ui': [ '1.10.0' ],
84 silly audit   'jquery.cookie': [ '1.4.1' ],
84 silly audit   'js-tokens': [ '4.0.0' ],
84 silly audit   'json-parse-even-better-errors': [ '2.3.1' ],
84 silly audit   'json-schema-traverse': [ '0.4.1' ],
84 silly audit   'kind-of': [ '6.0.3' ],
84 silly audit   'lines-and-columns': [ '1.2.4' ],
84 silly audit   'lint-staged': [ '11.2.6' ],
84 silly audit   listr2: [ '3.14.0' ],
84 silly audit   'loader-runner': [ '4.3.0' ],
84 silly audit   'locate-path': [ '5.0.0' ],
84 silly audit   'log-update': [ '4.0.0' ],
84 silly audit   'slice-ansi': [ '4.0.0', '3.0.0' ],
84 silly audit   'wrap-ansi': [ '6.2.0', '7.0.0' ],
84 silly audit   long: [ '5.2.3' ],
84 silly audit   'loose-envify': [ '1.4.0' ],
84 silly audit   'lru-cache': [ '6.0.0' ],
84 silly audit   'merge-stream': [ '2.0.0' ],
84 silly audit   micromatch: [ '4.0.8' ],
84 silly audit   'mime-db': [ '1.52.0' ],
84 silly audit   'mime-types': [ '2.1.35' ],
84 silly audit   'mimic-fn': [ '2.1.0' ],
84 silly audit   ms: [ '2.1.2' ],
84 silly audit   'neo-async': [ '2.6.2' ],
84 silly audit   'node-fetch': [ '2.7.0' ],
84 silly audit   'node-releases': [ '2.0.14' ],
84 silly audit   'normalize-path': [ '3.0.0' ],
84 silly audit   'npm-run-path': [ '4.0.1' ],
84 silly audit   'object-assign': [ '4.1.1' ],
84 silly audit   onetime: [ '5.1.2' ],
84 silly audit   'p-limit': [ '2.3.0' ],
84 silly audit   'p-locate': [ '4.1.0' ],
84 silly audit   'p-map': [ '4.0.0' ],
84 silly audit   'p-try': [ '2.2.0' ],
84 silly audit   'parent-module': [ '1.0.1' ],
84 silly audit   'parse-json': [ '5.2.0' ],
84 silly audit   'path-exists': [ '4.0.0' ],
84 silly audit   'path-key': [ '3.1.1' ],
84 silly audit   'path-parse': [ '1.0.7' ],
84 silly audit   'path-type': [ '4.0.0' ],
84 silly audit   picocolors: [ '1.0.0' ],
84 silly audit   picomatch: [ '2.3.1' ],
84 silly audit   'pkg-dir': [ '4.2.0' ],
84 silly audit   'please-upgrade-node': [ '3.2.0' ],
84 silly audit   promise: [ '7.3.1' ],
84 silly audit   protobufjs: [ '7.2.6' ],
84 silly audit   punycode: [ '2.3.1' ],
84 silly audit   randombytes: [ '2.1.0' ],
84 silly audit   rechoir: [ '0.8.0' ],
84 silly audit   requirejs: [ '2.1.22' ],
84 silly audit   resolve: [ '1.22.8' ],
84 silly audit   'resolve-cwd': [ '3.0.0' ],
84 silly audit   'resolve-from': [ '5.0.0', '4.0.0' ],
84 silly audit   'restore-cursor': [ '3.1.0' ],
84 silly audit   rfdc: [ '1.3.1' ],
84 silly audit   rxjs: [ '7.8.1' ],
84 silly audit   'safe-buffer': [ '5.2.1' ],
84 silly audit   'schema-utils': [ '3.3.0' ],
84 silly audit   semver: [ '7.6.0' ],
84 silly audit   'semver-compare': [ '1.0.0' ],
84 silly audit   'serialize-javascript': [ '6.0.2' ],
84 silly audit   setimmediate: [ '1.0.5' ],
84 silly audit   'shallow-clone': [ '3.0.1' ],
84 silly audit   'shebang-command': [ '2.0.0' ],
84 silly audit   'shebang-regex': [ '3.0.0' ],
84 silly audit   'signal-exit': [ '3.0.7' ],
84 silly audit   'source-map': [ '0.6.1', '0.7.4' ],
84 silly audit   'source-map-support': [ '0.5.21' ],
84 silly audit   'string-argv': [ '0.3.1' ],
84 silly audit   'string-width': [ '4.2.3' ],
84 silly audit   'stringify-object': [ '3.3.0' ],
84 silly audit   'strip-ansi': [ '6.0.1' ],
84 silly audit   'strip-final-newline': [ '2.0.0' ],
84 silly audit   'supports-preserve-symlinks-flag': [ '1.0.0' ],
84 silly audit   tapable: [ '2.2.1' ],
84 silly audit   terser: [ '5.27.0' ],
84 silly audit   'terser-webpack-plugin': [ '5.3.10' ],
84 silly audit   'text-segmentation': [ '1.0.3' ],
84 silly audit   through: [ '2.3.8' ],
84 silly audit   'to-regex-range': [ '5.0.1' ],
84 silly audit   tr46: [ '0.0.3' ],
84 silly audit   'ts-loader': [ '9.5.1' ],
84 silly audit   tslib: [ '2.6.2' ],
84 silly audit   'type-fest': [ '0.21.3' ],
84 silly audit   typescript: [ '5.3.3' ],
84 silly audit   'ua-is-frozen': [ '0.1.2' ],
84 silly audit   'undici-types': [ '5.26.5' ],
84 silly audit   'update-browserslist-db': [ '1.0.13' ],
84 silly audit   'uri-js': [ '4.4.1' ],
84 silly audit   utrie: [ '1.0.2' ],
84 silly audit   watchpack: [ '2.4.0' ],
84 silly audit   'webextension-polyfill': [ '0.10.0' ],
84 silly audit   'webidl-conversions': [ '3.0.1' ],
84 silly audit   webpack: [ '5.90.1' ],
84 silly audit   'webpack-cli': [ '5.1.4' ],
84 silly audit   'webpack-merge': [ '5.10.0' ],
84 silly audit   'webpack-sources': [ '3.2.3' ],
84 silly audit   'whatwg-url': [ '5.0.0' ],
84 silly audit   which: [ '2.0.2' ],
84 silly audit   wildcard: [ '2.0.1' ],
84 silly audit   yallist: [ '4.0.0' ],
84 silly audit   yaml: [ '1.10.2' ]
84 silly audit }
85 silly tarball no local data for whatwg-url@https://registry.npmjs.org/whatwg-url/-/whatwg-url-5.0.0.tgz. Extracting by manifest.
86 silly tarball no local data for webextension-polyfill@https://registry.npmjs.org/webextension-polyfill/-/webextension-polyfill-0.10.0.tgz. Extracting by manifest.
87 silly tarball no local data for webidl-conversions@https://registry.npmjs.org/webidl-conversions/-/webidl-conversions-3.0.1.tgz. Extracting by manifest.
88 silly tarball no local data for utrie@https://registry.npmjs.org/utrie/-/utrie-1.0.2.tgz. Extracting by manifest.
89 silly tarball no local data for ua-is-frozen@https://registry.npmjs.org/ua-is-frozen/-/ua-is-frozen-0.1.2.tgz. Extracting by manifest.
90 silly tarball no local data for ua-parser-js@https://registry.npmjs.org/ua-parser-js/-/ua-parser-js-2.0.0.tgz. Extracting by manifest.
91 silly tarball no local data for tr46@https://registry.npmjs.org/tr46/-/tr46-0.0.3.tgz. Extracting by manifest.
92 silly tarball no local data for setimmediate@https://registry.npmjs.org/setimmediate/-/setimmediate-1.0.5.tgz. Extracting by manifest.
93 silly tarball no local data for requirejs@https://registry.npmjs.org/requirejs/-/requirejs-2.1.22.tgz. Extracting by manifest.
94 silly tarball no local data for promise@https://registry.npmjs.org/promise/-/promise-7.3.1.tgz. Extracting by manifest.
95 silly tarball no local data for object-assign@https://registry.npmjs.org/object-assign/-/object-assign-4.1.1.tgz. Extracting by manifest.
96 silly tarball no local data for loose-envify@https://registry.npmjs.org/loose-envify/-/loose-envify-1.4.0.tgz. Extracting by manifest.
97 silly tarball no local data for jquery@https://registry.npmjs.org/jquery/-/jquery-1.11.1.tgz. Extracting by manifest.
98 silly tarball no local data for jquery.cookie@https://registry.npmjs.org/jquery.cookie/-/jquery.cookie-1.4.1.tgz. Extracting by manifest.
99 silly tarball no local data for node-fetch@https://registry.npmjs.org/node-fetch/-/node-fetch-2.7.0.tgz. Extracting by manifest.
100 silly tarball no local data for is-standalone-pwa@https://registry.npmjs.org/is-standalone-pwa/-/is-standalone-pwa-0.1.1.tgz. Extracting by manifest.
101 silly tarball no local data for html2canvas@https://registry.npmjs.org/html2canvas/-/html2canvas-1.4.1.tgz. Extracting by manifest.
102 silly tarball no local data for text-segmentation@https://registry.npmjs.org/text-segmentation/-/text-segmentation-1.0.3.tgz. Extracting by manifest.
103 silly tarball no local data for fbjs@https://registry.npmjs.org/fbjs/-/fbjs-3.0.5.tgz. Extracting by manifest.
104 silly tarball no local data for fbemitter@https://registry.npmjs.org/fbemitter/-/fbemitter-3.0.0.tgz. Extracting by manifest.
105 silly tarball no local data for fbjs-css-vars@https://registry.npmjs.org/fbjs-css-vars/-/fbjs-css-vars-1.0.2.tgz. Extracting by manifest.
106 silly tarball no local data for css-line-break@https://registry.npmjs.org/css-line-break/-/css-line-break-2.1.0.tgz. Extracting by manifest.
107 silly tarball no local data for detect-europe-js@https://registry.npmjs.org/detect-europe-js/-/detect-europe-js-0.1.2.tgz. Extracting by manifest.
108 silly tarball no local data for cross-fetch@https://registry.npmjs.org/cross-fetch/-/cross-fetch-3.2.0.tgz. Extracting by manifest.
109 silly tarball no local data for centrifuge@https://registry.npmjs.org/centrifuge/-/centrifuge-5.3.2.tgz. Extracting by manifest.
110 silly tarball no local data for asap@https://registry.npmjs.org/asap/-/asap-2.0.6.tgz. Extracting by manifest.
111 silly tarball no local data for base64-arraybuffer@https://registry.npmjs.org/base64-arraybuffer/-/base64-arraybuffer-1.0.2.tgz. Extracting by manifest.
112 silly tarball no local data for @awardwallet/extension-client@https://npm.pkg.github.com/download/@awardwallet/extension-client/1.1.6/4ffe918e23b89ae6c989e263f577c24bdd03cc2d. Extracting by manifest.
113 silly tarball no local data for @awardwallet/extension-v3@https://npm.pkg.github.com/download/@awardwallet/extension-v3/3.2.2/dababa8de9af70c89e3f457607277c950a1f5d0d. Extracting by manifest.
114 silly tarball no local data for @awardwallet/jquery.json-viewer@https://npm.pkg.github.com/download/@awardwallet/jquery.json-viewer/1.4.0/384ff1b1b524cf8329240563dd8798d9af757677. Extracting by manifest.
115 silly tarball no local data for fill-range@https://registry.npmjs.org/fill-range/-/fill-range-7.1.1.tgz. Extracting by manifest.
116 silly tarball no local data for braces@https://registry.npmjs.org/braces/-/braces-3.0.3.tgz. Extracting by manifest.
117 silly tarball no local data for micromatch@https://registry.npmjs.org/micromatch/-/micromatch-4.0.8.tgz. Extracting by manifest.
118 silly tarball no local data for ua-parser-js@https://registry.npmjs.org/ua-parser-js/-/ua-parser-js-1.0.40.tgz. Extracting by manifest.
119 silly tarball no local data for @awardwallet/extension-client@https://npm.pkg.github.com/download/@awardwallet/extension-client/1.1.1/1a7ef627fdde0c14843f05e2a14354709417ba03. Extracting by manifest.
120 timing reifyNode:node_modules/@webassemblyjs/helper-api-error Completed in 1187ms
121 timing reifyNode:node_modules/shallow-clone Completed in 1214ms
122 timing reifyNode:node_modules/path-parse Completed in 1218ms
123 timing reifyNode:node_modules/clone-deep Completed in 1225ms
124 timing reifyNode:node_modules/buffer-from Completed in 1228ms
125 timing reifyNode:node_modules/@webassemblyjs/helper-wasm-bytecode Completed in 1238ms
126 timing reifyNode:node_modules/@webassemblyjs/wasm-opt Completed in 1238ms
127 timing reifyNode:node_modules/@webassemblyjs/helper-buffer Completed in 1239ms
128 timing reifyNode:node_modules/@types/eslint-scope Completed in 1238ms
129 timing reifyNode:node_modules/@types/parse-json Completed in 1239ms
130 timing reifyNode:node_modules/ansi-styles Completed in 1245ms
131 timing reifyNode:node_modules/ts-loader/node_modules/color-name Completed in 1254ms
132 timing reifyNode:node_modules/slice-ansi/node_modules/color-name Completed in 1246ms
133 timing reifyNode:node_modules/log-update/node_modules/color-name Completed in 1247ms
134 timing reifyNode:node_modules/wrap-ansi/node_modules/color-name Completed in 1247ms
135 timing reifyNode:node_modules/serialize-javascript Completed in 1257ms
136 timing reifyNode:node_modules/resolve-cwd Completed in 1258ms
137 timing reifyNode:node_modules/path-exists Completed in 1259ms
138 timing reifyNode:node_modules/pkg-dir Completed in 1260ms
139 timing reifyNode:node_modules/p-try Completed in 1260ms
140 timing reifyNode:node_modules/p-locate Completed in 1262ms
141 timing reifyNode:node_modules/p-limit Completed in 1262ms
142 timing reifyNode:node_modules/lru-cache Completed in 1262ms
143 timing reifyNode:node_modules/locate-path Completed in 1265ms
144 timing reifyNode:node_modules/isobject Completed in 1266ms
145 timing reifyNode:node_modules/is-plain-object Completed in 1267ms
146 timing reifyNode:node_modules/find-up Completed in 1267ms
147 timing reifyNode:node_modules/chalk/node_modules/has-flag Completed in 1264ms
148 timing reifyNode:node_modules/@webassemblyjs/ieee754 Completed in 1268ms
149 timing reifyNode:node_modules/@webassemblyjs/helper-numbers Completed in 1268ms
150 timing reifyNode:node_modules/@webassemblyjs/floating-point-hex-parser Completed in 1269ms
151 timing reifyNode:node_modules/supports-color Completed in 1270ms
152 timing reifyNode:node_modules/string-width Completed in 1271ms
153 timing reifyNode:node_modules/strip-ansi Completed in 1271ms
154 timing reifyNode:node_modules/signal-exit Completed in 1272ms
155 timing reifyNode:node_modules/is-stream Completed in 1273ms
156 timing reifyNode:node_modules/ansi-regex Completed in 1273ms
157 timing reifyNode:node_modules/ts-loader/node_modules/supports-color Completed in 1286ms
158 timing reifyNode:node_modules/resolve-cwd/node_modules/resolve-from Completed in 1285ms
159 timing reifyNode:node_modules/chalk/node_modules/supports-color Completed in 1280ms
160 timing reifyNode:node_modules/yallist Completed in 1293ms
161 timing reifyNode:node_modules/kind-of Completed in 1298ms
162 timing reifyNode:node_modules/import-local Completed in 1298ms
163 timing reifyNode:node_modules/glob-to-regexp Completed in 1298ms
164 timing reifyNode:node_modules/esrecurse Completed in 1300ms
165 timing reifyNode:node_modules/@webpack-cli/serve Completed in 1300ms
166 timing reifyNode:node_modules/interpret Completed in 1303ms
167 timing reifyNode:node_modules/@webpack-cli/info Completed in 1301ms
168 timing reifyNode:node_modules/@webpack-cli/configtest Completed in 1301ms
169 timing reifyNode:node_modules/@webassemblyjs/wast-printer Completed in 1301ms
170 timing reifyNode:node_modules/@webassemblyjs/helper-wasm-section Completed in 1302ms
171 timing reifyNode:node_modules/@types/json-schema Completed in 1303ms
172 timing reifyNode:node_modules/lines-and-columns Completed in 1302ms
173 timing reifyNode:node_modules/colorette Completed in 1302ms
174 timing reifyNode:node_modules/ts-loader/node_modules/ansi-styles Completed in 1334ms
175 timing reifyNode:node_modules/wrap-ansi/node_modules/ansi-styles Completed in 1326ms
176 timing reifyNode:node_modules/log-update/node_modules/ansi-styles Completed in 1327ms
177 timing reifyNode:node_modules/slice-ansi/node_modules/ansi-styles Completed in 1328ms
178 timing reifyNode:node_modules/picocolors Completed in 1338ms
179 timing reifyNode:node_modules/mime-types Completed in 1338ms
180 timing reifyNode:node_modules/graceful-fs Completed in 1352ms
181 timing reifyNode:node_modules/@xtuc/ieee754 Completed in 1354ms
182 timing reifyNode:node_modules/loader-runner Completed in 1356ms
183 timing reifyNode:node_modules/@webassemblyjs/wasm-edit Completed in 1355ms
184 timing reifyNode:node_modules/@types/estree Completed in 1355ms
185 timing reifyNode:node_modules/@protobufjs/path Completed in 1354ms
186 timing reifyNode:node_modules/@protobufjs/aspromise Completed in 1355ms
187 timing reifyNode:node_modules/@protobufjs/fetch Completed in 1355ms
188 timing reifyNode:node_modules/@protobufjs/codegen Completed in 1356ms
189 timing reifyNode:node_modules/@protobufjs/eventemitter Completed in 1356ms
190 timing reifyNode:node_modules/@protobufjs/base64 Completed in 1356ms
191 timing reifyNode:node_modules/color-name Completed in 1355ms
192 timing reifyNode:node_modules/update-browserslist-db Completed in 1376ms
193 timing reifyNode:node_modules/safe-buffer Completed in 1376ms
194 timing reifyNode:node_modules/randombytes Completed in 1378ms
195 timing reifyNode:node_modules/@protobufjs/pool Completed in 1379ms
196 timing reifyNode:node_modules/@babel/code-frame Completed in 1381ms
197 timing reifyNode:node_modules/webpack-cli/node_modules/colorette Completed in 1393ms
198 http fetch GET 401 https://npm.pkg.github.com/download/@awardwallet/extension-client/1.1.1/1a7ef627fdde0c14843f05e2a14354709417ba03 1134ms (cache skip)
199 timing reifyNode:node_modules/@babel/highlight Completed in 1393ms
200 timing reifyNode:node_modules/listr2/node_modules/colorette Completed in 1393ms
201 timing reifyNode:node_modules/rechoir Completed in 1402ms
202 timing reifyNode:node_modules/punycode Completed in 1403ms
203 timing reifyNode:node_modules/acorn-import-assertions Completed in 1404ms
204 timing reifyNode:node_modules/@webassemblyjs/wasm-gen Completed in 1406ms
205 timing reifyNode:node_modules/color-convert Completed in 1408ms
206 timing reifyNode:node_modules/debug Completed in 1408ms
207 timing reifyNode:node_modules/ts-loader/node_modules/color-convert Completed in 1418ms
208 timing reifyNode:node_modules/ansi-colors Completed in 1411ms
209 http fetch GET 401 https://npm.pkg.github.com/download/@awardwallet/extension-client/1.1.6/4ffe918e23b89ae6c989e263f577c24bdd03cc2d 1177ms (cache skip)
210 timing reifyNode:node_modules/wrap-ansi/node_modules/color-convert Completed in 1420ms
211 timing reifyNode:node_modules/slice-ansi/node_modules/color-convert Completed in 1421ms
212 timing reifyNode:node_modules/log-update/node_modules/color-convert Completed in 1427ms
213 timing reifyNode:node_modules/flat Completed in 1432ms
214 timing reifyNode:node_modules/estraverse Completed in 1433ms
215 timing reifyNode:node_modules/chrome-trace-event Completed in 1433ms
216 timing reifyNode:node_modules/@webassemblyjs/leb128 Completed in 1434ms
217 timing reifyNode:node_modules/chalk Completed in 1433ms
218 timing reifyNode:node_modules/esrecurse/node_modules/estraverse Completed in 1439ms
219 timing reifyNode:node_modules/escalade Completed in 1445ms
220 timing reifyNode:node_modules/@webassemblyjs/utf8 Completed in 1445ms
221 timing reifyNode:node_modules/@protobufjs/utf8 Completed in 1445ms
222 timing reifyNode:node_modules/ts-loader/node_modules/chalk Completed in 1463ms
223 timing reifyNode:node_modules/supports-preserve-symlinks-flag Completed in 1463ms
224 timing reifyNode:node_modules/node-releases Completed in 1464ms
225 timing reifyNode:node_modules/@protobufjs/float Completed in 1462ms
226 timing reifyNode:node_modules/@jridgewell/set-array Completed in 1462ms
227 timing reifyNode:node_modules/terser/node_modules/commander Completed in 1482ms
228 timing reifyNode:node_modules/json-schema-traverse Completed in 1485ms
229 timing reifyNode:node_modules/@webassemblyjs/wasm-parser Completed in 1483ms
230 timing reifyNode:node_modules/@protobufjs/inquire Completed in 1482ms
231 timing reifyNode:node_modules/source-map-support Completed in 1506ms
232 timing reifyNode:node_modules/rfdc Completed in 1508ms
233 timing reifyNode:node_modules/hasown Completed in 1507ms
234 timing reifyNode:node_modules/is-core-module Completed in 1507ms
235 timing reifyNode:node_modules/fast-deep-equal Completed in 1508ms
236 timing reifyNode:node_modules/@jridgewell/resolve-uri Completed in 1506ms
237 timing reifyNode:node_modules/envinfo Completed in 1516ms
238 timing reifyNode:node_modules/browserslist Completed in 1517ms
239 timing reifyNode:node_modules/watchpack Completed in 1528ms
240 timing reifyNode:node_modules/es-module-lexer Completed in 1523ms
241 timing reifyNode:node_modules/@jridgewell/sourcemap-codec Completed in 1522ms
242 timing reifyNode:node_modules/@babel/helper-validator-identifier Completed in 1522ms
243 http fetch GET 401 https://npm.pkg.github.com/download/@awardwallet/extension-v3/3.2.2/dababa8de9af70c89e3f457607277c950a1f5d0d 1290ms (cache skip)
244 http fetch GET 401 https://npm.pkg.github.com/download/@awardwallet/jquery.json-viewer/1.4.0/384ff1b1b524cf8329240563dd8798d9af757677 1290ms (cache skip)
245 timing reifyNode:node_modules/fastest-levenshtein Completed in 1543ms
246 timing reifyNode:node_modules/long Completed in 1544ms
247 timing reifyNode:node_modules/terser-webpack-plugin Completed in 1550ms
248 timing reifyNode:node_modules/function-bind Completed in 1551ms
249 timing reifyNode:node_modules/picomatch Completed in 1550ms
250 timing reifyNode:node_modules/execa Completed in 1549ms
251 timing reifyNode:node_modules/wildcard Completed in 1562ms
252 timing reifyNode:node_modules/mime-db Completed in 1565ms
253 timing reifyNode:node_modules/fast-json-stable-stringify Completed in 1581ms
254 timing reifyNode:node_modules/@jridgewell/gen-mapping Completed in 1584ms
255 timing reifyNode:node_modules/eslint-scope Completed in 1591ms
256 timing reifyNode:node_modules/@xtuc/long Completed in 1598ms
257 timing reifyNode:node_modules/commander Completed in 1596ms
258 timing reifyNode:node_modules/tslib Completed in 1603ms
259 timing reifyNode:node_modules/webpack-merge Completed in 1615ms
260 timing reifyNode:node_modules/@discoveryjs/json-ext Completed in 1608ms
261 timing reifyNode:node_modules/@jridgewell/source-map Completed in 1609ms
262 timing reifyNode:node_modules/tapable Completed in 1619ms
263 timing reifyNode:node_modules/webpack-cli/node_modules/commander Completed in 1634ms
264 timing reifyNode:node_modules/webpack-cli Completed in 1638ms
265 timing reifyNode:node_modules/electron-to-chromium Completed in 1642ms
266 timing reifyNode:node_modules/@jridgewell/trace-mapping Completed in 1641ms
267 timing reifyNode:node_modules/lint-staged Completed in 1640ms
268 timing reifyNode:node_modules/schema-utils Completed in 1648ms
269 timing reifyNode:node_modules/@types/eslint Completed in 1644ms
270 timing reifyNode:node_modules/webpack-sources Completed in 1669ms
271 timing reifyNode:node_modules/ts-loader/node_modules/source-map Completed in 1677ms
272 timing reifyNode:node_modules/jest-worker Completed in 1677ms
273 timing reifyNode:node_modules/events Completed in 1676ms
274 timing reifyNode:node_modules/undici-types Completed in 1690ms
275 timing reifyNode:node_modules/ajv-keywords Completed in 1687ms
276 timing reifyNode:node_modules/@webassemblyjs/ast Completed in 1691ms
277 timing reifyNode:node_modules/acorn Completed in 1694ms
278 timing reifyNode:node_modules/cosmiconfig Completed in 1721ms
279 timing reifyNode:node_modules/semver Completed in 1754ms
280 timing reifyNode:node_modules/enhanced-resolve Completed in 1760ms
281 timing reifyNode:node_modules/enquirer Completed in 1758ms
282 http fetch POST 200 https://registry.npmjs.org/-/npm/v1/security/advisories/bulk 1791ms
283 timing auditReport:getReport Completed in 1796ms
284 silly audit report {
284 silly audit report   'cross-spawn': [
284 silly audit report     {
284 silly audit report       id: 1100563,
284 silly audit report       url: 'https://github.com/advisories/GHSA-3xgq-45jj-v275',
284 silly audit report       title: 'Regular Expression Denial of Service (ReDoS) in cross-spawn',
284 silly audit report       severity: 'high',
284 silly audit report       vulnerable_versions: '>=7.0.0 <7.0.5',
284 silly audit report       cwe: [Array],
284 silly audit report       cvss: [Object]
284 silly audit report     }
284 silly audit report   ],
284 silly audit report   jquery: [
284 silly audit report     {
284 silly audit report       id: 1102093,
284 silly audit report       url: 'https://github.com/advisories/GHSA-jpcq-cgw6-v4j6',
284 silly audit report       title: 'Potential XSS vulnerability in jQuery',
284 silly audit report       severity: 'moderate',
284 silly audit report       vulnerable_versions: '>=1.0.3 <3.5.0',
284 silly audit report       cwe: [Array],
284 silly audit report       cvss: [Object]
284 silly audit report     },
284 silly audit report     {
284 silly audit report       id: 1102100,
284 silly audit report       url: 'https://github.com/advisories/GHSA-gxr4-xjj5-5px2',
284 silly audit report       title: 'Potential XSS vulnerability in jQuery',
284 silly audit report       severity: 'moderate',
284 silly audit report       vulnerable_versions: '>=1.2.0 <3.5.0',
284 silly audit report       cwe: [Array],
284 silly audit report       cvss: [Object]
284 silly audit report     },
284 silly audit report     {
284 silly audit report       id: 1100396,
284 silly audit report       url: 'https://github.com/advisories/GHSA-6c3j-c64m-qhgq',
284 silly audit report       title: 'XSS in jQuery as used in Drupal, Backdrop CMS, and other products',
284 silly audit report       severity: 'moderate',
284 silly audit report       vulnerable_versions: '>=1.1.4 <3.4.0',
284 silly audit report       cwe: [Array],
284 silly audit report       cvss: [Object]
284 silly audit report     },
284 silly audit report     {
284 silly audit report       id: 1094144,
284 silly audit report       url: 'https://github.com/advisories/GHSA-rmxg-73gg-4p98',
284 silly audit report       title: 'Cross-Site Scripting (XSS) in jquery',
284 silly audit report       severity: 'moderate',
284 silly audit report       vulnerable_versions: '<1.12.2',
284 silly audit report       cwe: [Array],
284 silly audit report       cvss: [Object]
284 silly audit report     }
284 silly audit report   ],
284 silly audit report   'jquery-ui': [
284 silly audit report     {
284 silly audit report       id: 1100272,
284 silly audit report       url: 'https://github.com/advisories/GHSA-h6gj-6jjq-h8g9',
284 silly audit report       title: 'jQuery UI vulnerable to XSS when refreshing a checkboxradio with an HTML-like initial text label',
284 silly audit report       severity: 'moderate',
284 silly audit report       vulnerable_versions: '<1.13.2',
284 silly audit report       cwe: [Array],
284 silly audit report       cvss: [Object]
284 silly audit report     },
284 silly audit report     {
284 silly audit report       id: 1094161,
284 silly audit report       url: 'https://github.com/advisories/GHSA-hpcf-8vf9-q4gj',
284 silly audit report       title: 'jQuery-UI vulnerable to Cross-site Scripting in dialog closeText',
284 silly audit report       severity: 'moderate',
284 silly audit report       vulnerable_versions: '<1.12.0',
284 silly audit report       cwe: [Array],
284 silly audit report       cvss: [Object]
284 silly audit report     },
284 silly audit report     {
284 silly audit report       id: 1094165,
284 silly audit report       url: 'https://github.com/advisories/GHSA-j7qv-pgf6-hvh4',
284 silly audit report       title: 'XSS in `*Text` options of the Datepicker widget in jquery-ui',
284 silly audit report       severity: 'moderate',
284 silly audit report       vulnerable_versions: '<1.13.0',
284 silly audit report       cwe: [Array],
284 silly audit report       cvss: [Object]
284 silly audit report     },
284 silly audit report     {
284 silly audit report       id: 1094173,
284 silly audit report       url: 'https://github.com/advisories/GHSA-9gj3-hwp5-pmwc',
284 silly audit report       title: 'XSS in the `altField` option of the Datepicker widget in jquery-ui',
284 silly audit report       severity: 'moderate',
284 silly audit report       vulnerable_versions: '<1.13.0',
284 silly audit report       cwe: [Array],
284 silly audit report       cvss: [Object]
284 silly audit report     },
284 silly audit report     {
284 silly audit report       id: 1094249,
284 silly audit report       url: 'https://github.com/advisories/GHSA-gpqq-952q-5327',
284 silly audit report       title: 'XSS in the `of` option of the `.position()` util in jquery-ui',
284 silly audit report       severity: 'moderate',
284 silly audit report       vulnerable_versions: '<1.13.0',
284 silly audit report       cwe: [Array],
284 silly audit report       cvss: [Object]
284 silly audit report     }
284 silly audit report   ],
284 silly audit report   requirejs: [
284 silly audit report     {
284 silly audit report       id: 1098385,
284 silly audit report       url: 'https://github.com/advisories/GHSA-x3m3-4wpv-5vgc',
284 silly audit report       title: 'jrburke requirejs vulnerable to prototype pollution',
284 silly audit report       severity: 'high',
284 silly audit report       vulnerable_versions: '<=2.3.6',
284 silly audit report       cwe: [Array],
284 silly audit report       cvss: [Object]
284 silly audit report     }
284 silly audit report   ],
284 silly audit report   webpack: [
284 silly audit report     {
284 silly audit report       id: 1099351,
284 silly audit report       url: 'https://github.com/advisories/GHSA-4vvj-4cpr-p986',
284 silly audit report       title: "Webpack's AutoPublicPathRuntimeModule has a DOM Clobbering Gadget that leads to XSS",
284 silly audit report       severity: 'moderate',
284 silly audit report       vulnerable_versions: '>=5.0.0-alpha.0 <5.94.0',
284 silly audit report       cwe: [Array],
284 silly audit report       cvss: [Object]
284 silly audit report     }
284 silly audit report   ]
284 silly audit report }
285 timing metavuln:cache:get:security-advisory:cross-spawn:2YT36nzxyB20FxTbDCbmrt4++gNqyx6OjFmz5po0z6HX9I+GfNPl9tfHVAnBU+aOPgtVA6OYK9Y+H8+bL6aB6g== Completed in 47ms
286 timing metavuln:cache:get:security-advisory:jquery:dLPrax80y9EWVcU/CnjzDoE7Vdxv4qbTx7LwxsHwWN1wODkMaQJNbbClIU61nCR1a+prWvgR2PmdNA/oMZkMSw== Completed in 42ms
287 timing metavuln:cache:get:security-advisory:jquery:okMD36+t1pON0QY11JI212be1CyrN90c4DzFpdpgVchDII2WgdHMYq8t8VRSz+r+oIn+TBiP/22M23dSD3bmGQ== Completed in 42ms
288 timing metavuln:cache:get:security-advisory:jquery:Vy08c17Cm6iL4SQiDKbv/E8U03cRuadzYzvZHVXsDqV/Rh1pI2tdK/27Ms+FE8EUT2lOP+o+v+WZpmkrHxGj0Q== Completed in 44ms
289 timing metavuln:cache:get:security-advisory:jquery:Pg0Jn+slkVkPSLM/B+XDhUPjBcOmY8aReCkMohhdTwx+nCMTVyJ+oNI4U0DfqZQ7F7c/ac9cizQSUvSTvUZsUw== Completed in 45ms
290 timing metavuln:cache:get:security-advisory:jquery-ui:KlMlI6EdJHbyTuV7B2+B948rYI4TNdlSPHWqxQQsGkOe7IakpQ1zi/fzY0qN7cSIvBA7suD1im37T9s80u4w1A== Completed in 48ms
291 timing metavuln:cache:get:security-advisory:jquery-ui:epIHehuIj/LiX5w5Xz0bbf48TciR+erdLZ/jdmobmle+23suxa/skbwBb/OHZPWj0A1sA7kz+i5r3J7BghX0jg== Completed in 46ms
292 timing metavuln:cache:get:security-advisory:requirejs:39aQTroOfvtjhQWXVIlQaxOD+28XA+nNz4ti81NfrTcKCXTxLFawr2syrUBGx61899r6eGhtn/vivMN8yzDzIQ== Completed in 47ms
293 timing metavuln:cache:get:security-advisory:jquery-ui:xYGLlLhQ01eFvFvn9Q4asTmrxKsP4up1adBNz33y6k6Tf2jgWChBd1M8xIH4k7Sf9f29wboMfZez2yy9gyp1yw== Completed in 48ms
294 timing metavuln:cache:get:security-advisory:jquery-ui:MiyyE5On5pXm5xLbKTRgSBhuwzq/wVcn5KrZ+nRZNEpGPq2f7G1EOqF1jImlxEu5PcUhYPnK4uqSvHAgZfHhJw== Completed in 54ms
295 timing metavuln:cache:get:security-advisory:jquery-ui:a81EJO+hCdEGFYvdUEvdWj0CflisPXcujfFL50rGlANW9lZkV023JVOLKKGPC3628A/CtMB5c1i3K4xlVAXdzg== Completed in 54ms
296 timing metavuln:cache:get:security-advisory:webpack:7Pl1j4sHKhCQAEccTmt3XZIEEazRzvyC0TOx07N0G7o5OIhhZ0j0Ji3KSCbTwfmCR/2OHJ3Mx5ZmedDQEQeBbg== Completed in 51ms
297 timing reifyNode:node_modules/source-map Completed in 1909ms
298 timing reifyNode:node_modules/ts-loader Completed in 1919ms
299 timing reifyNode:node_modules/uri-js Completed in 1938ms
300 timing reifyNode:node_modules/listr2 Completed in 2077ms
301 http fetch GET 200 https://registry.npmjs.org/setimmediate/-/setimmediate-1.0.5.tgz 1949ms (cache miss)
302 timing reifyNode:node_modules/setimmediate Completed in 2153ms
303 http fetch GET 200 https://registry.npmjs.org/webidl-conversions/-/webidl-conversions-3.0.1.tgz 1998ms (cache miss)
304 timing reifyNode:node_modules/webidl-conversions Completed in 2183ms
305 http fetch GET 200 https://registry.npmjs.org/object-assign/-/object-assign-4.1.1.tgz 1969ms (cache miss)
306 timing reifyNode:node_modules/object-assign Completed in 2183ms
307 http fetch GET 200 https://registry.npmjs.org/ua-is-frozen/-/ua-is-frozen-0.1.2.tgz 2000ms (cache miss)
308 timing reifyNode:node_modules/ua-is-frozen Completed in 2189ms
309 http fetch GET 200 https://registry.npmjs.org/loose-envify/-/loose-envify-1.4.0.tgz 1986ms (cache miss)
310 timing reifyNode:node_modules/loose-envify Completed in 2200ms
311 http fetch GET 200 https://registry.npmjs.org/jquery.cookie/-/jquery.cookie-1.4.1.tgz 1993ms (cache miss)
312 timing reifyNode:node_modules/jquery.cookie Completed in 2235ms
313 http fetch GET 200 https://registry.npmjs.org/whatwg-url/-/whatwg-url-5.0.0.tgz 2086ms (cache miss)
314 timing reifyNode:node_modules/whatwg-url Completed in 2268ms
315 timing reifyNode:node_modules/neo-async Completed in 2399ms
316 http fetch GET 200 https://registry.npmjs.org/fbjs-css-vars/-/fbjs-css-vars-1.0.2.tgz 2179ms (cache miss)
317 timing reifyNode:node_modules/fbjs-css-vars Completed in 2407ms
318 http fetch GET 200 https://registry.npmjs.org/fbemitter/-/fbemitter-3.0.0.tgz 2226ms (cache miss)
319 timing reifyNode:node_modules/fbemitter Completed in 2454ms
320 http fetch GET 200 https://registry.npmjs.org/detect-europe-js/-/detect-europe-js-0.1.2.tgz 2223ms (cache miss)
321 timing reifyNode:node_modules/detect-europe-js Completed in 2475ms
322 http fetch GET 200 https://registry.npmjs.org/webextension-polyfill/-/webextension-polyfill-0.10.0.tgz 2318ms (cache miss)
323 timing reifyNode:node_modules/webextension-polyfill Completed in 2499ms
324 http fetch GET 200 https://registry.npmjs.org/promise/-/promise-7.3.1.tgz 2291ms (cache miss)
325 http fetch GET 200 https://registry.npmjs.org/node-fetch/-/node-fetch-2.7.0.tgz 2282ms (cache miss)
326 timing reifyNode:node_modules/node-fetch Completed in 2502ms
327 http fetch GET 200 https://registry.npmjs.org/base64-arraybuffer/-/base64-arraybuffer-1.0.2.tgz 2267ms (cache miss)
328 timing reifyNode:node_modules/base64-arraybuffer Completed in 2503ms
329 http fetch GET 200 https://registry.npmjs.org/tr46/-/tr46-0.0.3.tgz 2324ms (cache miss)
330 timing reifyNode:node_modules/tr46 Completed in 2522ms
331 timing reifyNode:node_modules/promise Completed in 2526ms
332 http fetch GET 200 https://registry.npmjs.org/cross-fetch/-/cross-fetch-3.2.0.tgz 2293ms (cache miss)
333 http fetch GET 200 https://registry.npmjs.org/asap/-/asap-2.0.6.tgz 2295ms (cache miss)
334 timing reifyNode:node_modules/asap Completed in 2530ms
335 timing reifyNode:node_modules/cross-fetch Completed in 2542ms
336 timing reifyNode:node_modules/ajv Completed in 2617ms
337 http fetch GET 200 https://registry.npmjs.org/fill-range/-/fill-range-7.1.1.tgz 2373ms (cache miss)
338 timing reifyNode:node_modules/fill-range Completed in 2620ms
339 http fetch GET 200 https://registry.npmjs.org/utrie/-/utrie-1.0.2.tgz 2443ms (cache miss)
340 timing reifyNode:node_modules/utrie Completed in 2631ms
341 http fetch GET 200 https://registry.npmjs.org/micromatch/-/micromatch-4.0.8.tgz 2396ms (cache miss)
342 timing reifyNode:node_modules/micromatch Completed in 2646ms
343 http fetch GET 200 https://registry.npmjs.org/text-segmentation/-/text-segmentation-1.0.3.tgz 2465ms (cache miss)
344 timing reifyNode:node_modules/text-segmentation Completed in 2690ms
345 timing reifyNode:node_modules/terser Completed in 2696ms
346 http fetch GET 200 https://registry.npmjs.org/npm 3346ms (cache updated)
347 http fetch GET 200 https://registry.npmjs.org/ua-parser-js/-/ua-parser-js-1.0.40.tgz 2467ms (cache miss)
348 timing reifyNode:node_modules/fbjs/node_modules/ua-parser-js Completed in 2722ms
349 http fetch GET 200 https://registry.npmjs.org/jquery 952ms (cache miss)
350 timing metavuln:packument:jquery Completed in 953ms
351 timing metavuln:load:security-advisory:jquery:1102093 Completed in 8ms
352 timing metavuln:load:security-advisory:jquery:1102100 Completed in 3ms
353 timing metavuln:load:security-advisory:jquery:1100396 Completed in 2ms
354 timing metavuln:load:security-advisory:jquery:1094144 Completed in 1ms
355 http fetch GET 200 https://registry.npmjs.org/requirejs 970ms (cache miss)
356 timing metavuln:packument:requirejs Completed in 971ms
357 timing metavuln:load:security-advisory:requirejs:1098385 Completed in 2ms
358 http fetch GET 200 https://registry.npmjs.org/braces/-/braces-3.0.3.tgz 2534ms (cache miss)
359 timing reifyNode:node_modules/braces Completed in 2782ms
360 http fetch GET 200 https://registry.npmjs.org/cross-spawn 1002ms (cache miss)
361 timing metavuln:packument:cross-spawn Completed in 1006ms
362 timing metavuln:load:security-advisory:cross-spawn:1100563 Completed in 2ms
363 http fetch GET 200 https://registry.npmjs.org/jquery-ui 1003ms (cache miss)
364 timing metavuln:packument:jquery-ui Completed in 1005ms
365 timing metavuln:load:security-advisory:jquery-ui:1100272 Completed in 0ms
366 timing metavuln:load:security-advisory:jquery-ui:1094161 Completed in 0ms
367 timing metavuln:load:security-advisory:jquery-ui:1094165 Completed in 0ms
368 timing metavuln:load:security-advisory:jquery-ui:1094173 Completed in 0ms
369 timing metavuln:load:security-advisory:jquery-ui:1094249 Completed in 1ms
370 timing reifyNode:node_modules/resolve Completed in 2829ms
371 timing metavuln:cache:put:security-advisory:jquery:Vy08c17Cm6iL4SQiDKbv/E8U03cRuadzYzvZHVXsDqV/Rh1pI2tdK/27Ms+FE8EUT2lOP+o+v+WZpmkrHxGj0Q== Completed in 90ms
372 timing metavuln:calculate:security-advisory:jquery:1100396 Completed in 1057ms
373 timing metavuln:cache:put:security-advisory:jquery:Pg0Jn+slkVkPSLM/B+XDhUPjBcOmY8aReCkMohhdTwx+nCMTVyJ+oNI4U0DfqZQ7F7c/ac9cizQSUvSTvUZsUw== Completed in 92ms
374 timing metavuln:calculate:security-advisory:jquery:1094144 Completed in 1061ms
375 timing metavuln:cache:put:security-advisory:jquery:okMD36+t1pON0QY11JI212be1CyrN90c4DzFpdpgVchDII2WgdHMYq8t8VRSz+r+oIn+TBiP/22M23dSD3bmGQ== Completed in 105ms
376 timing metavuln:calculate:security-advisory:jquery:1102100 Completed in 1069ms
377 timing metavuln:cache:put:security-advisory:jquery:dLPrax80y9EWVcU/CnjzDoE7Vdxv4qbTx7LwxsHwWN1wODkMaQJNbbClIU61nCR1a+prWvgR2PmdNA/oMZkMSw== Completed in 109ms
378 timing metavuln:calculate:security-advisory:jquery:1102093 Completed in 1070ms
379 timing metavuln:cache:put:security-advisory:requirejs:39aQTroOfvtjhQWXVIlQaxOD+28XA+nNz4ti81NfrTcKCXTxLFawr2syrUBGx61899r6eGhtn/vivMN8yzDzIQ== Completed in 95ms
380 timing metavuln:calculate:security-advisory:requirejs:1098385 Completed in 1068ms
381 timing metavuln:cache:put:security-advisory:cross-spawn:2YT36nzxyB20FxTbDCbmrt4++gNqyx6OjFmz5po0z6HX9I+GfNPl9tfHVAnBU+aOPgtVA6OYK9Y+H8+bL6aB6g== Completed in 85ms
382 timing metavuln:calculate:security-advisory:cross-spawn:1100563 Completed in 1094ms
383 http fetch GET 200 https://registry.npmjs.org/css-line-break/-/css-line-break-2.1.0.tgz 2648ms (cache miss)
384 timing reifyNode:node_modules/css-line-break Completed in 2877ms
385 timing metavuln:cache:put:security-advisory:jquery-ui:MiyyE5On5pXm5xLbKTRgSBhuwzq/wVcn5KrZ+nRZNEpGPq2f7G1EOqF1jImlxEu5PcUhYPnK4uqSvHAgZfHhJw== Completed in 83ms
386 timing metavuln:calculate:security-advisory:jquery-ui:1094173 Completed in 1089ms
387 timing metavuln:cache:put:security-advisory:jquery-ui:KlMlI6EdJHbyTuV7B2+B948rYI4TNdlSPHWqxQQsGkOe7IakpQ1zi/fzY0qN7cSIvBA7suD1im37T9s80u4w1A== Completed in 95ms
388 timing metavuln:calculate:security-advisory:jquery-ui:1100272 Completed in 1101ms
389 timing metavuln:cache:put:security-advisory:jquery-ui:epIHehuIj/LiX5w5Xz0bbf48TciR+erdLZ/jdmobmle+23suxa/skbwBb/OHZPWj0A1sA7kz+i5r3J7BghX0jg== Completed in 94ms
390 timing metavuln:calculate:security-advisory:jquery-ui:1094165 Completed in 1099ms
391 timing metavuln:cache:put:security-advisory:jquery-ui:a81EJO+hCdEGFYvdUEvdWj0CflisPXcujfFL50rGlANW9lZkV023JVOLKKGPC3628A/CtMB5c1i3K4xlVAXdzg== Completed in 92ms
392 timing metavuln:calculate:security-advisory:jquery-ui:1094249 Completed in 1101ms
393 timing metavuln:cache:put:security-advisory:jquery-ui:xYGLlLhQ01eFvFvn9Q4asTmrxKsP4up1adBNz33y6k6Tf2jgWChBd1M8xIH4k7Sf9f29wboMfZez2yy9gyp1yw== Completed in 103ms
394 timing metavuln:calculate:security-advisory:jquery-ui:1094161 Completed in 1108ms
395 http fetch GET 200 https://registry.npmjs.org/is-standalone-pwa/-/is-standalone-pwa-0.1.1.tgz 2728ms (cache miss)
396 timing reifyNode:node_modules/is-standalone-pwa Completed in 2946ms
397 http fetch GET 200 https://registry.npmjs.org/requirejs/-/requirejs-2.1.22.tgz 2742ms (cache miss)
398 timing reifyNode:node_modules/requirejs Completed in 2951ms
399 timing reifyNode:node_modules/protobufjs Completed in 3008ms
400 http fetch GET 200 https://registry.npmjs.org/centrifuge/-/centrifuge-5.3.2.tgz 2825ms (cache miss)
401 timing reifyNode:node_modules/centrifuge Completed in 3062ms
402 http fetch GET 200 https://registry.npmjs.org/webpack 1305ms (cache miss)
403 timing metavuln:packument:webpack Completed in 1322ms
404 timing metavuln:load:security-advisory:webpack:1099351 Completed in 23ms
405 timing metavuln:cache:put:security-advisory:webpack:7Pl1j4sHKhCQAEccTmt3XZIEEazRzvyC0TOx07N0G7o5OIhhZ0j0Ji3KSCbTwfmCR/2OHJ3Mx5ZmedDQEQeBbg== Completed in 39ms
406 timing metavuln:calculate:security-advisory:webpack:1099351 Completed in 1388ms
407 timing metavuln:cache:get:security-advisory:execa:esx5OopxXhaaN4OWrpL/hbUGhclQpXEEYrKiKLVqs1BBwmkO4Yl3bpU/OidAapIpfGn0uCXoaDXI/Cyc2YFujw== Completed in 4ms
408 timing metavuln:cache:get:security-advisory:webpack-cli:5g8O7zA7ydlbcr0oS08mlVwBTmVVZHeeYWSTIteUcxhUF9SdE7ibHhxGSx4w29WwjdYl01EmG/SV8NN1XFvxSQ== Completed in 5ms
409 timing reifyNode:node_modules/@types/node Completed in 3303ms
410 http fetch GET 200 https://registry.npmjs.org/fbjs/-/fbjs-3.0.5.tgz 3160ms (cache miss)
411 timing reifyNode:node_modules/fbjs Completed in 3389ms
412 http fetch GET 200 https://registry.npmjs.org/jquery/-/jquery-1.11.1.tgz 3200ms (cache miss)
413 timing reifyNode:node_modules/jquery Completed in 3422ms
414 http fetch GET 200 https://registry.npmjs.org/ua-parser-js/-/ua-parser-js-2.0.0.tgz 3238ms (cache miss)
415 timing reifyNode:node_modules/ua-parser-js Completed in 3431ms
416 http fetch GET 200 https://registry.npmjs.org/execa 288ms (cache miss)
417 timing metavuln:packument:execa Completed in 289ms
418 timing metavuln:load:security-advisory:execa:2YT36nzxyB20FxTbDCbmrt4++gNqyx6OjFmz5po0z6HX9I+GfNPl9tfHVAnBU+aOPgtVA6OYK9Y+H8+bL6aB6g== Completed in 7ms
419 timing metavuln:cache:put:security-advisory:execa:esx5OopxXhaaN4OWrpL/hbUGhclQpXEEYrKiKLVqs1BBwmkO4Yl3bpU/OidAapIpfGn0uCXoaDXI/Cyc2YFujw== Completed in 20ms
420 timing metavuln:calculate:security-advisory:execa:2YT36nzxyB20FxTbDCbmrt4++gNqyx6OjFmz5po0z6HX9I+GfNPl9tfHVAnBU+aOPgtVA6OYK9Y+H8+bL6aB6g== Completed in 319ms
421 http fetch GET 200 https://registry.npmjs.org/webpack-cli 329ms (cache miss)
422 timing metavuln:packument:webpack-cli Completed in 332ms
423 timing metavuln:load:security-advisory:webpack-cli:2YT36nzxyB20FxTbDCbmrt4++gNqyx6OjFmz5po0z6HX9I+GfNPl9tfHVAnBU+aOPgtVA6OYK9Y+H8+bL6aB6g== Completed in 5ms
424 timing metavuln:cache:put:security-advisory:webpack-cli:5g8O7zA7ydlbcr0oS08mlVwBTmVVZHeeYWSTIteUcxhUF9SdE7ibHhxGSx4w29WwjdYl01EmG/SV8NN1XFvxSQ== Completed in 20ms
425 timing metavuln:calculate:security-advisory:webpack-cli:2YT36nzxyB20FxTbDCbmrt4++gNqyx6OjFmz5po0z6HX9I+GfNPl9tfHVAnBU+aOPgtVA6OYK9Y+H8+bL6aB6g== Completed in 358ms
426 timing metavuln:cache:get:security-advisory:@webpack-cli/configtest:xJhV3uPYmo74/zKXapV5krAbV3jWwvzos7D9yiHFHhAFDdXd/bP334EYGTBUlwUcuQPEmo50fojjVCVisGGFIQ== Completed in 6ms
427 timing metavuln:cache:get:security-advisory:@webpack-cli/info:Ldtj472hf5yVCFXWsCwuB1kYR/mOSU68pxu8Lo8I1VLIXnfbxEu4ID4H4siglwwDlm/yM7UP0N+CO2B9e7S71g== Completed in 5ms
428 timing metavuln:cache:get:security-advisory:@webpack-cli/serve:fOyrNylPz99fE3Lla0ntgCjm/7k0AedMNaEEspLkGlCLFEmj9XWgjSMsf7Jnz1G4y1yMMhQmw433ie0EvLkTPw== Completed in 4ms
429 timing metavuln:cache:get:security-advisory:terser-webpack-plugin:Uqotlq7e4p8a17Gch+uSLMmyilwazp3SdS5LgtQM1QyqzBW7FWPwyk3i/l7U7L2H764aPM6RPHDhd/ECqCZEZA== Completed in 4ms
430 timing metavuln:cache:get:security-advisory:ts-loader:brr+M5lvXITLrZ5KTmfzo3z7Mfvmrtq8WrLsdiuE6RVsHM1R/7QOocyFjATSwpZGuVdAkS/vVT5jibIKUdeMjQ== Completed in 3ms
431 timing metavuln:cache:get:security-advisory:webpack-cli:/nnF4DWRRr5vREfp1So3+1tEViG8gp4FBG0iYaE4bKt+dEZRXeEKKSDD3uVBMFoyh5qBVBar0v6Sv8NQcTMkcA== Completed in 3ms
432 timing metavuln:load:security-advisory:webpack-cli:7Pl1j4sHKhCQAEccTmt3XZIEEazRzvyC0TOx07N0G7o5OIhhZ0j0Ji3KSCbTwfmCR/2OHJ3Mx5ZmedDQEQeBbg== Completed in 33ms
433 timing metavuln:cache:put:security-advisory:webpack-cli:/nnF4DWRRr5vREfp1So3+1tEViG8gp4FBG0iYaE4bKt+dEZRXeEKKSDD3uVBMFoyh5qBVBar0v6Sv8NQcTMkcA== Completed in 29ms
434 timing metavuln:calculate:security-advisory:webpack-cli:7Pl1j4sHKhCQAEccTmt3XZIEEazRzvyC0TOx07N0G7o5OIhhZ0j0Ji3KSCbTwfmCR/2OHJ3Mx5ZmedDQEQeBbg== Completed in 65ms
435 http fetch GET 200 https://registry.npmjs.org/ts-loader 335ms (cache miss)
436 timing metavuln:packument:ts-loader Completed in 338ms
437 timing metavuln:load:security-advisory:ts-loader:7Pl1j4sHKhCQAEccTmt3XZIEEazRzvyC0TOx07N0G7o5OIhhZ0j0Ji3KSCbTwfmCR/2OHJ3Mx5ZmedDQEQeBbg== Completed in 7ms
438 http fetch GET 200 https://registry.npmjs.org/@webpack-cli%2fconfigtest 354ms (cache miss)
439 timing metavuln:packument:@webpack-cli/configtest Completed in 355ms
440 timing metavuln:load:security-advisory:@webpack-cli/configtest:7Pl1j4sHKhCQAEccTmt3XZIEEazRzvyC0TOx07N0G7o5OIhhZ0j0Ji3KSCbTwfmCR/2OHJ3Mx5ZmedDQEQeBbg== Completed in 1ms
441 http fetch GET 200 https://registry.npmjs.org/@webpack-cli%2finfo 356ms (cache miss)
442 timing metavuln:packument:@webpack-cli/info Completed in 356ms
443 timing metavuln:load:security-advisory:@webpack-cli/info:7Pl1j4sHKhCQAEccTmt3XZIEEazRzvyC0TOx07N0G7o5OIhhZ0j0Ji3KSCbTwfmCR/2OHJ3Mx5ZmedDQEQeBbg== Completed in 1ms
444 http fetch GET 200 https://registry.npmjs.org/terser-webpack-plugin 365ms (cache miss)
445 timing metavuln:packument:terser-webpack-plugin Completed in 368ms
446 timing metavuln:load:security-advisory:terser-webpack-plugin:7Pl1j4sHKhCQAEccTmt3XZIEEazRzvyC0TOx07N0G7o5OIhhZ0j0Ji3KSCbTwfmCR/2OHJ3Mx5ZmedDQEQeBbg== Completed in 12ms
447 timing metavuln:cache:put:security-advisory:ts-loader:brr+M5lvXITLrZ5KTmfzo3z7Mfvmrtq8WrLsdiuE6RVsHM1R/7QOocyFjATSwpZGuVdAkS/vVT5jibIKUdeMjQ== Completed in 54ms
448 timing metavuln:calculate:security-advisory:ts-loader:7Pl1j4sHKhCQAEccTmt3XZIEEazRzvyC0TOx07N0G7o5OIhhZ0j0Ji3KSCbTwfmCR/2OHJ3Mx5ZmedDQEQeBbg== Completed in 401ms
449 timing metavuln:cache:put:security-advisory:@webpack-cli/info:Ldtj472hf5yVCFXWsCwuB1kYR/mOSU68pxu8Lo8I1VLIXnfbxEu4ID4H4siglwwDlm/yM7UP0N+CO2B9e7S71g== Completed in 48ms
450 timing metavuln:calculate:security-advisory:@webpack-cli/info:7Pl1j4sHKhCQAEccTmt3XZIEEazRzvyC0TOx07N0G7o5OIhhZ0j0Ji3KSCbTwfmCR/2OHJ3Mx5ZmedDQEQeBbg== Completed in 406ms
451 timing metavuln:cache:put:security-advisory:@webpack-cli/configtest:xJhV3uPYmo74/zKXapV5krAbV3jWwvzos7D9yiHFHhAFDdXd/bP334EYGTBUlwUcuQPEmo50fojjVCVisGGFIQ== Completed in 55ms
452 timing metavuln:calculate:security-advisory:@webpack-cli/configtest:7Pl1j4sHKhCQAEccTmt3XZIEEazRzvyC0TOx07N0G7o5OIhhZ0j0Ji3KSCbTwfmCR/2OHJ3Mx5ZmedDQEQeBbg== Completed in 411ms
453 http fetch GET 200 https://registry.npmjs.org/@webpack-cli%2fserve 410ms (cache miss)
454 timing metavuln:packument:@webpack-cli/serve Completed in 411ms
455 timing metavuln:load:security-advisory:@webpack-cli/serve:7Pl1j4sHKhCQAEccTmt3XZIEEazRzvyC0TOx07N0G7o5OIhhZ0j0Ji3KSCbTwfmCR/2OHJ3Mx5ZmedDQEQeBbg== Completed in 1ms
456 timing metavuln:cache:put:security-advisory:terser-webpack-plugin:Uqotlq7e4p8a17Gch+uSLMmyilwazp3SdS5LgtQM1QyqzBW7FWPwyk3i/l7U7L2H764aPM6RPHDhd/ECqCZEZA== Completed in 43ms
457 timing metavuln:calculate:security-advisory:terser-webpack-plugin:7Pl1j4sHKhCQAEccTmt3XZIEEazRzvyC0TOx07N0G7o5OIhhZ0j0Ji3KSCbTwfmCR/2OHJ3Mx5ZmedDQEQeBbg== Completed in 425ms
458 timing metavuln:cache:put:security-advisory:@webpack-cli/serve:fOyrNylPz99fE3Lla0ntgCjm/7k0AedMNaEEspLkGlCLFEmj9XWgjSMsf7Jnz1G4y1yMMhQmw433ie0EvLkTPw== Completed in 24ms
459 timing metavuln:calculate:security-advisory:@webpack-cli/serve:7Pl1j4sHKhCQAEccTmt3XZIEEazRzvyC0TOx07N0G7o5OIhhZ0j0Ji3KSCbTwfmCR/2OHJ3Mx5ZmedDQEQeBbg== Completed in 436ms
460 timing auditReport:init Completed in 2207ms
461 timing reify:audit Completed in 4009ms
462 http fetch GET 200 https://registry.npmjs.org/html2canvas/-/html2canvas-1.4.1.tgz 3810ms (cache miss)
463 timing reifyNode:node_modules/html2canvas Completed in 4032ms
464 timing reifyNode:node_modules/caniuse-lite Completed in 4146ms
465 timing reifyNode:node_modules/webpack Completed in 4209ms
466 http fetch GET 200 https://codeload.github.com/components/jqueryui/tar.gz/4c0bac635cc97c8cd5087bb244d497100429fea2 3237ms (cache miss)
467 timing reifyNode:node_modules/typescript Completed in 5057ms
468 timing reifyNode:node_modules/rxjs Completed in 5476ms
469 timing reifyNode:node_modules/jquery-ui Completed in 5734ms
470 timing reify:rollback:createSparse Completed in 2414ms
471 timing reify:rollback:retireShallow Completed in 18ms
472 timing command:i Completed in 8841ms
473 notice
473 notice New [31mmajor[39m version of npm available! [31m8.15.0[39m -> [32m11.2.0[39m
473 notice Changelog: [36mhttps://github.com/npm/cli/releases/tag/v11.2.0[39m
473 notice Run [32mnpm install -g npm@11.2.0[39m to update!
473 notice
474 verbose stack HttpErrorGeneral: 401 Unauthorized - GET https://npm.pkg.github.com/download/@awardwallet/jquery.json-viewer/1.4.0/384ff1b1b524cf8329240563dd8798d9af757677 - authentication token not provided
474 verbose stack     at /usr/local/lib/nodejs/node-v16.17.0-linux-x64/lib/node_modules/npm/node_modules/npm-registry-fetch/lib/check-response.js:93:15
474 verbose stack     at processTicksAndRejections (node:internal/process/task_queues:96:5)
475 verbose statusCode 401
476 verbose pkgid @awardwallet/jquery.json-viewer@https://npm.pkg.github.com/download/@awardwallet/jquery.json-viewer/1.4.0/384ff1b1b524cf8329240563dd8798d9af757677
477 verbose cwd /www/awardwallet
478 verbose Linux 6.12.5-linuxkit
479 verbose node v16.17.0
480 verbose npm  v8.15.0
481 error code E401
482 error 401 Unauthorized - GET https://npm.pkg.github.com/download/@awardwallet/jquery.json-viewer/1.4.0/384ff1b1b524cf8329240563dd8798d9af757677 - authentication token not provided
483 verbose exit 1
484 timing npm Completed in 9010ms
485 verbose unfinished npm timer reify 1742193268797
486 verbose unfinished npm timer reify:unpack 1742193269459
487 verbose unfinished npm timer reifyNode:node_modules/@awardwallet/jquery.json-viewer 1742193269469
488 verbose unfinished npm timer reifyNode:node_modules/@awardwallet/extension-v3 1742193269469
489 verbose unfinished npm timer reifyNode:node_modules/@awardwallet/extension-v3/node_modules/@awardwallet/extension-client 1742193269469
490 verbose unfinished npm timer reifyNode:node_modules/@awardwallet/extension-client 1742193269469
491 verbose code 1
492 error A complete log of this run can be found in:
492 error     /home/user/.npm/_logs/2025-03-17T06_34_28_634Z-debug-0.log
